<?xml version="1.0" encoding="UTF-8"?>
<coverage generated="1754119000225" clover="3.2.0">
  <project timestamp="1754119000225" name="All files">
    <metrics statements="493" coveredstatements="478" conditionals="197" coveredconditionals="179" methods="186" coveredmethods="174" elements="876" coveredelements="831" complexity="0" loc="493" ncloc="493" packages="3" files="10" classes="10"/>
    <package name="src">
      <metrics statements="1" coveredstatements="1" conditionals="0" coveredconditionals="0" methods="1" coveredmethods="1"/>
      <file name="App.js" path="D:\genAI\projects\TaskTrek\src\App.js">
        <metrics statements="1" coveredstatements="1" conditionals="0" coveredconditionals="0" methods="1" coveredmethods="1"/>
        <line num="5" count="3" type="stmt"/>
      </file>
    </package>
    <package name="src.components">
      <metrics statements="448" coveredstatements="433" conditionals="173" coveredconditionals="155" methods="163" coveredmethods="154"/>
      <file name="Analytics.js" path="D:\genAI\projects\TaskTrek\src\components\Analytics.js">
        <metrics statements="60" coveredstatements="60" conditionals="14" coveredconditionals="14" methods="22" coveredmethods="22"/>
        <line num="5" count="2" type="stmt"/>
        <line num="6" count="27" type="stmt"/>
        <line num="7" count="27" type="stmt"/>
        <line num="8" count="27" type="stmt"/>
        <line num="10" count="27" type="stmt"/>
        <line num="11" count="12" type="stmt"/>
        <line num="12" count="12" type="stmt"/>
        <line num="15" count="27" type="stmt"/>
        <line num="16" count="27" type="stmt"/>
        <line num="17" count="27" type="stmt"/>
        <line num="18" count="162" type="stmt"/>
        <line num="21" count="27" type="stmt"/>
        <line num="22" count="35" type="cond" truecount="2" falsecount="0"/>
        <line num="23" count="34" type="stmt"/>
        <line num="27" count="162" type="stmt"/>
        <line num="33" count="27" type="stmt"/>
        <line num="34" count="27" type="stmt"/>
        <line num="36" count="27" type="stmt"/>
        <line num="37" count="35" type="cond" truecount="2" falsecount="0"/>
        <line num="38" count="32" type="stmt"/>
        <line num="42" count="81" type="stmt"/>
        <line num="48" count="27" type="stmt"/>
        <line num="49" count="27" type="stmt"/>
        <line num="51" count="27" type="stmt"/>
        <line num="52" count="14" type="stmt"/>
        <line num="55" count="27" type="stmt"/>
        <line num="56" count="35" type="cond" truecount="2" falsecount="0"/>
        <line num="57" count="32" type="stmt"/>
        <line num="61" count="27" type="stmt"/>
        <line num="62" count="14" type="stmt"/>
        <line num="63" count="14" type="stmt"/>
        <line num="70" count="27" type="stmt"/>
        <line num="71" count="27" type="stmt"/>
        <line num="72" count="27" type="stmt"/>
        <line num="73" count="27" type="stmt"/>
        <line num="75" count="27" type="stmt"/>
        <line num="76" count="242" type="stmt"/>
        <line num="77" count="242" type="stmt"/>
        <line num="78" count="242" type="stmt"/>
        <line num="80" count="242" type="stmt"/>
        <line num="81" count="404" type="cond" truecount="2" falsecount="0"/>
        <line num="84" count="242" type="stmt"/>
        <line num="90" count="27" type="stmt"/>
        <line num="93" count="27" type="stmt"/>
        <line num="94" count="35" type="stmt"/>
        <line num="95" count="27" type="stmt"/>
        <line num="96" count="27" type="cond" truecount="2" falsecount="0"/>
        <line num="99" count="27" type="stmt"/>
        <line num="100" count="35" type="stmt"/>
        <line num="101" count="27" type="cond" truecount="2" falsecount="0"/>
        <line num="103" count="11" type="stmt"/>
        <line num="104" count="12" type="stmt"/>
        <line num="105" count="12" type="stmt"/>
        <line num="106" count="12" type="stmt"/>
        <line num="109" count="11" type="stmt"/>
        <line num="110" count="11" type="stmt"/>
        <line num="113" count="27" type="stmt"/>
        <line num="126" count="27" type="stmt"/>
        <line num="136" count="27" type="stmt"/>
        <line num="279" count="3" type="stmt"/>
      </file>
      <file name="Charts.js" path="D:\genAI\projects\TaskTrek\src\components\Charts.js">
        <metrics statements="41" coveredstatements="41" conditionals="2" coveredconditionals="2" methods="11" coveredmethods="11"/>
        <line num="3" count="2" type="stmt"/>
        <line num="4" count="25" type="stmt"/>
        <line num="5" count="9" type="stmt"/>
        <line num="14" count="9" type="stmt"/>
        <line num="16" count="9" type="stmt"/>
        <line num="21" count="25" type="stmt"/>
        <line num="22" count="25" type="stmt"/>
        <line num="23" count="25" type="stmt"/>
        <line num="25" count="25" type="stmt"/>
        <line num="26" count="25" type="stmt"/>
        <line num="28" count="25" type="cond" truecount="2" falsecount="0"/>
        <line num="30" count="25" type="stmt"/>
        <line num="31" count="25" type="stmt"/>
        <line num="32" count="25" type="stmt"/>
        <line num="33" count="25" type="stmt"/>
        <line num="35" count="25" type="stmt"/>
        <line num="42" count="25" type="stmt"/>
        <line num="44" count="25" type="stmt"/>
        <line num="57" count="25" type="stmt"/>
        <line num="78" count="2" type="stmt"/>
        <line num="79" count="14" type="stmt"/>
        <line num="80" count="7" type="stmt"/>
        <line num="89" count="7" type="stmt"/>
        <line num="94" count="14" type="stmt"/>
        <line num="95" count="14" type="stmt"/>
        <line num="96" count="14" type="stmt"/>
        <line num="97" count="14" type="stmt"/>
        <line num="99" count="14" type="stmt"/>
        <line num="134" count="2" type="stmt"/>
        <line num="135" count="14" type="stmt"/>
        <line num="136" count="8" type="stmt"/>
        <line num="137" count="8" type="stmt"/>
        <line num="138" count="8" type="stmt"/>
        <line num="140" count="8" type="stmt"/>
        <line num="142" count="14" type="stmt"/>
        <line num="144" count="14" type="stmt"/>
        <line num="145" count="14" type="stmt"/>
        <line num="149" count="8" type="stmt"/>
        <line num="161" count="14" type="stmt"/>
        <line num="163" count="14" type="stmt"/>
        <line num="165" count="14" type="stmt"/>
      </file>
      <file name="Dashboard.js" path="D:\genAI\projects\TaskTrek\src\components\Dashboard.js">
        <metrics statements="72" coveredstatements="68" conditionals="32" coveredconditionals="29" methods="34" coveredmethods="30"/>
        <line num="10" count="1" type="stmt"/>
        <line num="11" count="48" type="stmt"/>
        <line num="12" count="48" type="stmt"/>
        <line num="13" count="48" type="stmt"/>
        <line num="14" count="48" type="stmt"/>
        <line num="15" count="48" type="stmt"/>
        <line num="16" count="48" type="stmt"/>
        <line num="17" count="48" type="stmt"/>
        <line num="19" count="48" type="stmt"/>
        <line num="20" count="16" type="stmt"/>
        <line num="23" count="48" type="stmt"/>
        <line num="24" count="1" type="stmt"/>
        <line num="27" count="48" type="stmt"/>
        <line num="28" count="2" type="cond" truecount="2" falsecount="0"/>
        <line num="29" count="3" type="cond" truecount="2" falsecount="0"/>
        <line num="32" count="2" type="stmt"/>
        <line num="33" count="2" type="stmt"/>
        <line num="34" count="2" type="stmt"/>
        <line num="37" count="48" type="stmt"/>
        <line num="38" count="1" type="stmt"/>
        <line num="39" count="3" type="stmt"/>
        <line num="40" count="1" type="stmt"/>
        <line num="41" count="1" type="stmt"/>
        <line num="44" count="1" type="cond" truecount="1" falsecount="1"/>
        <line num="45" count="1" type="stmt"/>
        <line num="49" count="48" type="stmt"/>
        <line num="50" count="1" type="stmt"/>
        <line num="51" count="3" type="cond" truecount="2" falsecount="0"/>
        <line num="52" count="1" type="stmt"/>
        <line num="59" count="1" type="stmt"/>
        <line num="60" count="1" type="stmt"/>
        <line num="68" count="1" type="stmt"/>
        <line num="71" count="1" type="stmt"/>
        <line num="77" count="1" type="stmt"/>
        <line num="79" count="2" type="stmt"/>
        <line num="81" count="1" type="stmt"/>
        <line num="82" count="1" type="stmt"/>
        <line num="85" count="48" type="stmt"/>
        <line num="86" count="96" type="cond" truecount="2" falsecount="0"/>
        <line num="87" count="18" type="stmt"/>
        <line num="90" count="48" type="stmt"/>
        <line num="91" count="48" type="stmt"/>
        <line num="93" count="96" type="stmt"/>
        <line num="95" count="96" type="stmt"/>
        <line num="98" count="96" type="stmt"/>
        <line num="101" count="96" type="stmt"/>
        <line num="103" count="96" type="stmt"/>
        <line num="105" count="96" type="stmt"/>
        <line num="110" count="48" type="stmt"/>
        <line num="112" count="48" type="stmt"/>
        <line num="119" count="48" type="stmt"/>
        <line num="126" count="48" type="stmt"/>
        <line num="135" count="48" type="stmt"/>
        <line num="142" count="48" type="stmt"/>
        <line num="152" count="48" type="stmt"/>
        <line num="159" count="48" type="stmt"/>
        <line num="177" count="0" type="stmt"/>
        <line num="191" count="2" type="stmt"/>
        <line num="269" count="1" type="stmt"/>
        <line num="275" count="1" type="stmt"/>
        <line num="285" count="1" type="stmt"/>
        <line num="295" count="1" type="stmt"/>
        <line num="305" count="1" type="stmt"/>
        <line num="315" count="1" type="stmt"/>
        <line num="325" count="1" type="stmt"/>
        <line num="335" count="1" type="stmt"/>
        <line num="359" count="81" type="stmt"/>
        <line num="365" count="0" type="stmt"/>
        <line num="375" count="1" type="stmt"/>
        <line num="376" count="1" type="stmt"/>
        <line num="384" count="0" type="stmt"/>
        <line num="389" count="0" type="cond" truecount="1" falsecount="1"/>
      </file>
      <file name="ProjectManager.js" path="D:\genAI\projects\TaskTrek\src\components\ProjectManager.js">
        <metrics statements="74" coveredstatements="73" conditionals="30" coveredconditionals="27" methods="29" coveredmethods="28"/>
        <line num="4" count="2" type="stmt"/>
        <line num="5" count="40" type="stmt"/>
        <line num="6" count="40" type="stmt"/>
        <line num="7" count="40" type="stmt"/>
        <line num="8" count="40" type="stmt"/>
        <line num="10" count="40" type="stmt"/>
        <line num="15" count="40" type="stmt"/>
        <line num="19" count="40" type="stmt"/>
        <line num="21" count="40" type="stmt"/>
        <line num="22" count="2" type="cond" truecount="4" falsecount="0"/>
        <line num="23" count="1" type="stmt"/>
        <line num="28" count="1" type="stmt"/>
        <line num="29" count="1" type="stmt"/>
        <line num="30" count="1" type="stmt"/>
        <line num="31" count="1" type="stmt"/>
        <line num="35" count="40" type="stmt"/>
        <line num="36" count="1" type="cond" truecount="1" falsecount="1"/>
        <line num="37" count="2" type="stmt"/>
        <line num="38" count="1" type="stmt"/>
        <line num="39" count="1" type="stmt"/>
        <line num="42" count="1" type="stmt"/>
        <line num="43" count="2" type="stmt"/>
        <line num="45" count="1" type="stmt"/>
        <line num="46" count="1" type="stmt"/>
        <line num="49" count="40" type="stmt"/>
        <line num="50" count="2" type="cond" truecount="2" falsecount="0"/>
        <line num="51" count="1" type="stmt"/>
        <line num="55" count="1" type="stmt"/>
        <line num="56" count="1" type="stmt"/>
        <line num="57" count="1" type="stmt"/>
        <line num="58" count="1" type="stmt"/>
        <line num="62" count="40" type="stmt"/>
        <line num="63" count="2" type="stmt"/>
        <line num="64" count="1" type="stmt"/>
        <line num="65" count="1" type="stmt"/>
        <line num="68" count="40" type="stmt"/>
        <line num="69" count="2" type="cond" truecount="2" falsecount="0"/>
        <line num="70" count="1" type="stmt"/>
        <line num="74" count="1" type="stmt"/>
        <line num="75" count="1" type="stmt"/>
        <line num="76" count="1" type="stmt"/>
        <line num="77" count="1" type="stmt"/>
        <line num="81" count="40" type="stmt"/>
        <line num="82" count="1" type="cond" truecount="1" falsecount="1"/>
        <line num="83" count="2" type="stmt"/>
        <line num="84" count="1" type="stmt"/>
        <line num="85" count="1" type="stmt"/>
        <line num="88" count="40" type="stmt"/>
        <line num="101" count="40" type="stmt"/>
        <line num="111" count="40" type="stmt"/>
        <line num="120" count="40" type="stmt"/>
        <line num="126" count="40" type="stmt"/>
        <line num="134" count="40" type="stmt"/>
        <line num="142" count="40" type="stmt"/>
        <line num="152" count="40" type="stmt"/>
        <line num="179" count="0" type="stmt"/>
        <line num="185" count="5" type="stmt"/>
        <line num="191" count="5" type="stmt"/>
        <line num="206" count="1" type="stmt"/>
        <line num="215" count="1" type="stmt"/>
        <line num="224" count="1" type="stmt"/>
        <line num="240" count="42" type="stmt"/>
        <line num="250" count="1" type="stmt"/>
        <line num="274" count="1" type="stmt"/>
        <line num="281" count="1" type="stmt"/>
        <line num="289" count="20" type="stmt"/>
        <line num="306" count="18" type="stmt"/>
        <line num="307" count="18" type="stmt"/>
        <line num="309" count="18" type="stmt"/>
        <line num="317" count="1" type="stmt"/>
        <line num="341" count="1" type="stmt"/>
        <line num="350" count="1" type="stmt"/>
        <line num="366" count="17" type="stmt"/>
        <line num="374" count="1" type="stmt"/>
      </file>
      <file name="TaskCard.js" path="D:\genAI\projects\TaskTrek\src\components\TaskCard.js">
        <metrics statements="42" coveredstatements="42" conditionals="35" coveredconditionals="35" methods="12" coveredmethods="12"/>
        <line num="4" count="2" type="stmt"/>
        <line num="5" count="108" type="stmt"/>
        <line num="6" count="108" type="stmt"/>
        <line num="7" count="108" type="stmt"/>
        <line num="9" count="109" type="stmt"/>
        <line num="10" count="109" type="stmt"/>
        <line num="11" count="109" type="stmt"/>
        <line num="13" count="108" type="stmt"/>
        <line num="14" count="108" type="cond" truecount="7" falsecount="0"/>
        <line num="16" count="27" type="stmt"/>
        <line num="18" count="51" type="stmt"/>
        <line num="20" count="1" type="stmt"/>
        <line num="22" count="1" type="stmt"/>
        <line num="24" count="1" type="stmt"/>
        <line num="26" count="26" type="stmt"/>
        <line num="28" count="1" type="stmt"/>
        <line num="32" count="108" type="stmt"/>
        <line num="33" count="108" type="cond" truecount="4" falsecount="0"/>
        <line num="35" count="1" type="stmt"/>
        <line num="37" count="28" type="stmt"/>
        <line num="39" count="1" type="stmt"/>
        <line num="41" count="78" type="stmt"/>
        <line num="45" count="108" type="stmt"/>
        <line num="46" count="108" type="cond" truecount="7" falsecount="0"/>
        <line num="48" count="27" type="stmt"/>
        <line num="50" count="51" type="stmt"/>
        <line num="52" count="1" type="stmt"/>
        <line num="54" count="1" type="stmt"/>
        <line num="56" count="1" type="stmt"/>
        <line num="58" count="26" type="stmt"/>
        <line num="60" count="1" type="stmt"/>
        <line num="64" count="108" type="stmt"/>
        <line num="74" count="108" type="stmt"/>
        <line num="85" count="108" type="stmt"/>
        <line num="97" count="108" type="stmt"/>
        <line num="107" count="108" type="stmt"/>
        <line num="113" count="108" type="stmt"/>
        <line num="155" count="56" type="stmt"/>
        <line num="166" count="2" type="stmt"/>
        <line num="185" count="1" type="stmt"/>
        <line num="200" count="3" type="stmt"/>
        <line num="214" count="2" type="stmt"/>
      </file>
      <file name="TaskDetail.js" path="D:\genAI\projects\TaskTrek\src\components\TaskDetail.js">
        <metrics statements="111" coveredstatements="105" conditionals="26" coveredconditionals="20" methods="33" coveredmethods="33"/>
        <line num="5" count="2" type="stmt"/>
        <line num="6" count="59" type="stmt"/>
        <line num="7" count="59" type="stmt"/>
        <line num="8" count="59" type="stmt"/>
        <line num="9" count="59" type="stmt"/>
        <line num="10" count="59" type="stmt"/>
        <line num="11" count="59" type="stmt"/>
        <line num="12" count="59" type="stmt"/>
        <line num="13" count="59" type="stmt"/>
        <line num="14" count="59" type="stmt"/>
        <line num="16" count="59" type="stmt"/>
        <line num="17" count="59" type="stmt"/>
        <line num="18" count="59" type="stmt"/>
        <line num="20" count="59" type="stmt"/>
        <line num="21" count="19" type="stmt"/>
        <line num="22" count="19" type="stmt"/>
        <line num="23" count="19" type="cond" truecount="2" falsecount="0"/>
        <line num="24" count="18" type="stmt"/>
        <line num="25" count="18" type="stmt"/>
        <line num="26" count="18" type="stmt"/>
        <line num="27" count="18" type="stmt"/>
        <line num="28" count="18" type="stmt"/>
        <line num="32" count="59" type="stmt"/>
        <line num="33" count="2" type="cond" truecount="2" falsecount="0"/>
        <line num="35" count="1" type="stmt"/>
        <line num="42" count="1" type="stmt"/>
        <line num="43" count="1" type="stmt"/>
        <line num="44" count="1" type="stmt"/>
        <line num="47" count="1" type="stmt"/>
        <line num="49" count="1" type="stmt"/>
        <line num="52" count="59" type="stmt"/>
        <line num="53" count="4" type="cond" truecount="2" falsecount="0"/>
        <line num="54" count="2" type="stmt"/>
        <line num="55" count="2" type="stmt"/>
        <line num="58" count="2" type="cond" truecount="2" falsecount="0"/>
        <line num="59" count="1" type="stmt"/>
        <line num="60" count="1" type="stmt"/>
        <line num="63" count="1" type="cond" truecount="1" falsecount="1"/>
        <line num="64" count="1" type="stmt"/>
        <line num="65" count="1" type="stmt"/>
        <line num="68" count="0" type="stmt"/>
        <line num="74" count="0" type="stmt"/>
        <line num="75" count="0" type="stmt"/>
        <line num="76" count="0" type="stmt"/>
        <line num="77" count="0" type="stmt"/>
        <line num="78" count="0" type="stmt"/>
        <line num="81" count="59" type="stmt"/>
        <line num="82" count="1" type="stmt"/>
        <line num="83" count="1" type="stmt"/>
        <line num="84" count="1" type="stmt"/>
        <line num="87" count="59" type="stmt"/>
        <line num="88" count="2" type="stmt"/>
        <line num="89" count="2" type="stmt"/>
        <line num="90" count="2" type="cond" truecount="1" falsecount="1"/>
        <line num="94" count="2" type="stmt"/>
        <line num="103" count="2" type="stmt"/>
        <line num="104" count="2" type="stmt"/>
        <line num="105" count="2" type="stmt"/>
        <line num="107" count="2" type="stmt"/>
        <line num="108" count="2" type="stmt"/>
        <line num="109" count="2" type="stmt"/>
        <line num="112" count="2" type="stmt"/>
        <line num="114" count="2" type="stmt"/>
        <line num="117" count="59" type="cond" truecount="2" falsecount="0"/>
        <line num="119" count="40" type="stmt"/>
        <line num="120" count="40" type="stmt"/>
        <line num="121" count="40" type="stmt"/>
        <line num="123" count="40" type="stmt"/>
        <line num="136" count="40" type="stmt"/>
        <line num="146" count="40" type="stmt"/>
        <line num="184" count="1" type="stmt"/>
        <line num="196" count="1" type="stmt"/>
        <line num="219" count="1" type="stmt"/>
        <line num="236" count="3" type="stmt"/>
        <line num="255" count="1" type="stmt"/>
        <line num="279" count="7" type="stmt"/>
        <line num="316" count="1" type="stmt"/>
        <line num="321" count="1" type="stmt"/>
        <line num="322" count="1" type="stmt"/>
        <line num="323" count="1" type="stmt"/>
        <line num="324" count="1" type="cond" truecount="1" falsecount="1"/>
        <line num="326" count="1" type="stmt"/>
        <line num="327" count="1" type="stmt"/>
        <line num="344" count="1" type="stmt"/>
        <line num="349" count="1" type="stmt"/>
        <line num="350" count="1" type="stmt"/>
        <line num="351" count="1" type="stmt"/>
        <line num="352" count="1" type="cond" truecount="1" falsecount="1"/>
        <line num="354" count="1" type="stmt"/>
        <line num="355" count="1" type="stmt"/>
        <line num="370" count="1" type="stmt"/>
        <line num="375" count="1" type="stmt"/>
        <line num="376" count="1" type="stmt"/>
        <line num="377" count="1" type="stmt"/>
        <line num="378" count="1" type="cond" truecount="1" falsecount="1"/>
        <line num="380" count="1" type="stmt"/>
        <line num="381" count="1" type="stmt"/>
        <line num="386" count="80" type="stmt"/>
        <line num="397" count="1" type="stmt"/>
        <line num="402" count="1" type="stmt"/>
        <line num="403" count="1" type="stmt"/>
        <line num="404" count="1" type="stmt"/>
        <line num="405" count="1" type="cond" truecount="1" falsecount="1"/>
        <line num="407" count="1" type="stmt"/>
        <line num="408" count="1" type="stmt"/>
        <line num="413" count="80" type="stmt"/>
        <line num="446" count="3" type="stmt"/>
        <line num="447" count="3" type="stmt"/>
        <line num="482" count="24" type="stmt"/>
        <line num="501" count="1" type="stmt"/>
        <line num="526" count="7" type="stmt"/>
      </file>
      <file name="TaskForm.js" path="D:\genAI\projects\TaskTrek\src\components\TaskForm.js">
        <metrics statements="48" coveredstatements="44" conditionals="34" coveredconditionals="28" methods="22" coveredmethods="18"/>
        <line num="4" count="2" type="stmt"/>
        <line num="5" count="100" type="stmt"/>
        <line num="17" count="100" type="stmt"/>
        <line num="18" count="100" type="stmt"/>
        <line num="19" count="100" type="stmt"/>
        <line num="20" count="100" type="stmt"/>
        <line num="22" count="100" type="stmt"/>
        <line num="23" count="38" type="cond" truecount="2" falsecount="0"/>
        <line num="24" count="7" type="stmt"/>
        <line num="31" count="100" type="stmt"/>
        <line num="32" count="7" type="stmt"/>
        <line num="33" count="7" type="cond" truecount="2" falsecount="0"/>
        <line num="35" count="5" type="stmt"/>
        <line num="43" count="5" type="cond" truecount="2" falsecount="0"/>
        <line num="44" count="2" type="stmt"/>
        <line num="45" count="2" type="stmt"/>
        <line num="53" count="2" type="stmt"/>
        <line num="56" count="5" type="stmt"/>
        <line num="58" count="5" type="cond" truecount="2" falsecount="0"/>
        <line num="59" count="3" type="stmt"/>
        <line num="73" count="100" type="stmt"/>
        <line num="74" count="6" type="cond" truecount="2" falsecount="0"/>
        <line num="78" count="3" type="stmt"/>
        <line num="82" count="3" type="stmt"/>
        <line num="86" count="100" type="stmt"/>
        <line num="87" count="1" type="stmt"/>
        <line num="90" count="1" type="stmt"/>
        <line num="95" count="100" type="stmt"/>
        <line num="103" count="100" type="stmt"/>
        <line num="112" count="100" type="stmt"/>
        <line num="120" count="100" type="stmt"/>
        <line num="131" count="100" type="stmt"/>
        <line num="139" count="7" type="stmt"/>
        <line num="148" count="3" type="stmt"/>
        <line num="157" count="0" type="stmt"/>
        <line num="162" count="100" type="stmt"/>
        <line num="170" count="1" type="stmt"/>
        <line num="183" count="2" type="stmt"/>
        <line num="194" count="2" type="stmt"/>
        <line num="210" count="0" type="stmt"/>
        <line num="215" count="100" type="stmt"/>
        <line num="217" count="95" type="stmt"/>
        <line num="226" count="0" type="stmt"/>
        <line num="231" count="100" type="stmt"/>
        <line num="244" count="6" type="stmt"/>
        <line num="247" count="0" type="cond" truecount="0" falsecount="2"/>
        <line num="264" count="10" type="stmt"/>
        <line num="267" count="1" type="stmt"/>
      </file>
    </package>
    <package name="src.utils">
      <metrics statements="44" coveredstatements="44" conditionals="24" coveredconditionals="24" methods="22" coveredmethods="19"/>
      <file name="notifications.js" path="D:\genAI\projects\TaskTrek\src\utils\notifications.js">
        <metrics statements="16" coveredstatements="16" conditionals="10" coveredconditionals="10" methods="8" coveredmethods="5"/>
        <line num="2" count="1" type="stmt"/>
        <line num="5" count="5" type="stmt"/>
        <line num="7" count="5" type="stmt"/>
        <line num="17" count="5" type="cond" truecount="2" falsecount="0"/>
        <line num="18" count="4" type="stmt"/>
        <line num="65" count="5" type="cond" truecount="4" falsecount="0"/>
        <line num="66" count="1" type="stmt"/>
        <line num="71" count="11" type="stmt"/>
        <line num="72" count="11" type="stmt"/>
        <line num="76" count="5" type="stmt"/>
        <line num="77" count="5" type="stmt"/>
        <line num="80" count="3" type="cond" truecount="2" falsecount="0"/>
        <line num="81" count="1" type="stmt"/>
        <line num="82" count="1" type="stmt"/>
        <line num="86" count="2" type="stmt"/>
        <line num="92" count="1" type="stmt"/>
      </file>
      <file name="storage.js" path="D:\genAI\projects\TaskTrek\src\utils\storage.js">
        <metrics statements="28" coveredstatements="28" conditionals="14" coveredconditionals="14" methods="14" coveredmethods="14"/>
        <line num="2" count="1" type="stmt"/>
        <line num="9" count="1" type="stmt"/>
        <line num="18" count="1" type="stmt"/>
        <line num="24" count="1" type="stmt"/>
        <line num="30" count="1" type="stmt"/>
        <line num="36" count="1" type="stmt"/>
        <line num="45" count="1" type="stmt"/>
        <line num="47" count="6" type="stmt"/>
        <line num="48" count="6" type="cond" truecount="2" falsecount="0"/>
        <line num="52" count="5" type="stmt"/>
        <line num="56" count="4" type="stmt"/>
        <line num="57" count="4" type="cond" truecount="2" falsecount="0"/>
        <line num="61" count="3" type="stmt"/>
        <line num="65" count="4" type="stmt"/>
        <line num="66" count="4" type="cond" truecount="2" falsecount="0"/>
        <line num="70" count="3" type="stmt"/>
        <line num="74" count="4" type="stmt"/>
        <line num="75" count="4" type="cond" truecount="2" falsecount="0"/>
        <line num="79" count="3" type="stmt"/>
        <line num="83" count="5" type="stmt"/>
        <line num="84" count="5" type="cond" truecount="2" falsecount="0"/>
        <line num="88" count="3" type="stmt"/>
        <line num="95" count="5" type="stmt"/>
        <line num="96" count="5" type="cond" truecount="2" falsecount="0"/>
        <line num="100" count="3" type="stmt"/>
        <line num="107" count="5" type="stmt"/>
        <line num="108" count="5" type="cond" truecount="2" falsecount="0"/>
        <line num="112" count="3" type="stmt"/>
      </file>
    </package>
  </project>
</coverage>
