{"D:\\genAI\\projects\\TaskTrek\\src\\App.js": {"path":"D:\\genAI\\projects\\TaskTrek\\src\\App.js","statementMap":{"0":{"start":{"line":5,"column":2},"end":{"line":9,"column":4}}},"fnMap":{"0":{"name":"App","decl":{"start":{"line":4,"column":9},"end":{"line":4,"column":12}},"loc":{"start":{"line":4,"column":15},"end":{"line":10,"column":1}},"line":4}},"branchMap":{},"s":{"0":3},"f":{"0":3},"b":{},"_coverageSchema":"1a1c01bbd47fc00a2c39e90264f33305004495a9","hash":"4042beca535e51402f965ab2e8c3fda2f3be9e65"}
,"D:\\genAI\\projects\\TaskTrek\\src\\components\\Analytics.js": {"path":"D:\\genAI\\projects\\TaskTrek\\src\\components\\Analytics.js","statementMap":{"0":{"start":{"line":5,"column":18},"end":{"line":296,"column":1}},"1":{"start":{"line":6,"column":28},"end":{"line":6,"column":40}},"2":{"start":{"line":7,"column":34},"end":{"line":7,"column":46}},"3":{"start":{"line":8,"column":36},"end":{"line":8,"column":49}},"4":{"start":{"line":10,"column":2},"end":{"line":13,"column":9}},"5":{"start":{"line":11,"column":4},"end":{"line":11,"column":33}},"6":{"start":{"line":12,"column":4},"end":{"line":12,"column":39}},"7":{"start":{"line":15,"column":24},"end":{"line":31,"column":3}},"8":{"start":{"line":16,"column":25},"end":{"line":16,"column":27}},"9":{"start":{"line":17,"column":4},"end":{"line":19,"column":7}},"10":{"start":{"line":18,"column":6},"end":{"line":18,"column":31}},"11":{"start":{"line":21,"column":4},"end":{"line":25,"column":7}},"12":{"start":{"line":22,"column":6},"end":{"line":24,"column":7}},"13":{"start":{"line":23,"column":8},"end":{"line":23,"column":36}},"14":{"start":{"line":27,"column":4},"end":{"line":30,"column":8}},"15":{"start":{"line":27,"column":66},"end":{"line":30,"column":5}},"16":{"start":{"line":33,"column":26},"end":{"line":46,"column":3}},"17":{"start":{"line":34,"column":27},"end":{"line":34,"column":57}},"18":{"start":{"line":36,"column":4},"end":{"line":40,"column":7}},"19":{"start":{"line":37,"column":6},"end":{"line":39,"column":7}},"20":{"start":{"line":38,"column":8},"end":{"line":38,"column":40}},"21":{"start":{"line":42,"column":4},"end":{"line":45,"column":8}},"22":{"start":{"line":42,"column":70},"end":{"line":45,"column":5}},"23":{"start":{"line":48,"column":25},"end":{"line":68,"column":3}},"24":{"start":{"line":49,"column":26},"end":{"line":49,"column":28}},"25":{"start":{"line":51,"column":4},"end":{"line":53,"column":7}},"26":{"start":{"line":52,"column":6},"end":{"line":52,"column":36}},"27":{"start":{"line":55,"column":4},"end":{"line":59,"column":7}},"28":{"start":{"line":56,"column":6},"end":{"line":58,"column":7}},"29":{"start":{"line":57,"column":8},"end":{"line":57,"column":40}},"30":{"start":{"line":61,"column":4},"end":{"line":67,"column":7}},"31":{"start":{"line":62,"column":22},"end":{"line":62,"column":62}},"32":{"start":{"line":62,"column":43},"end":{"line":62,"column":61}},"33":{"start":{"line":63,"column":6},"end":{"line":66,"column":8}},"34":{"start":{"line":70,"column":26},"end":{"line":91,"column":3}},"35":{"start":{"line":71,"column":17},"end":{"line":71,"column":36}},"36":{"start":{"line":72,"column":21},"end":{"line":72,"column":23}},"37":{"start":{"line":73,"column":16},"end":{"line":73,"column":26}},"38":{"start":{"line":75,"column":4},"end":{"line":88,"column":5}},"39":{"start":{"line":75,"column":17},"end":{"line":75,"column":25}},"40":{"start":{"line":76,"column":19},"end":{"line":76,"column":32}},"41":{"start":{"line":77,"column":6},"end":{"line":77,"column":39}},"42":{"start":{"line":78,"column":22},"end":{"line":78,"column":54}},"43":{"start":{"line":80,"column":27},"end":{"line":82,"column":14}},"44":{"start":{"line":81,"column":18},"end":{"line":81,"column":70}},"45":{"start":{"line":84,"column":6},"end":{"line":87,"column":9}},"46":{"start":{"line":90,"column":4},"end":{"line":90,"column":20}},"47":{"start":{"line":93,"column":28},"end":{"line":97,"column":3}},"48":{"start":{"line":94,"column":22},"end":{"line":94,"column":79}},"49":{"start":{"line":94,"column":45},"end":{"line":94,"column":71}},"50":{"start":{"line":95,"column":18},"end":{"line":95,"column":30}},"51":{"start":{"line":96,"column":4},"end":{"line":96,"column":65}},"52":{"start":{"line":99,"column":35},"end":{"line":111,"column":3}},"53":{"start":{"line":100,"column":27},"end":{"line":100,"column":77}},"54":{"start":{"line":100,"column":50},"end":{"line":100,"column":76}},"55":{"start":{"line":101,"column":4},"end":{"line":101,"column":46}},"56":{"start":{"line":101,"column":37},"end":{"line":101,"column":46}},"57":{"start":{"line":103,"column":22},"end":{"line":107,"column":9}},"58":{"start":{"line":104,"column":22},"end":{"line":104,"column":46}},"59":{"start":{"line":105,"column":22},"end":{"line":105,"column":46}},"60":{"start":{"line":106,"column":6},"end":{"line":106,"column":39}},"61":{"start":{"line":109,"column":20},"end":{"line":109,"column":53}},"62":{"start":{"line":110,"column":4},"end":{"line":110,"column":55}},"63":{"start":{"line":113,"column":21},"end":{"line":124,"column":3}},"64":{"start":{"line":126,"column":23},"end":{"line":134,"column":3}},"65":{"start":{"line":136,"column":2},"end":{"line":295,"column":4}},"66":{"start":{"line":279,"column":33},"end":{"line":279,"column":61}}},"fnMap":{"0":{"name":"(anonymous_0)","decl":{"start":{"line":5,"column":18},"end":{"line":5,"column":19}},"loc":{"start":{"line":5,"column":35},"end":{"line":296,"column":1}},"line":5},"1":{"name":"(anonymous_1)","decl":{"start":{"line":10,"column":12},"end":{"line":10,"column":13}},"loc":{"start":{"line":10,"column":18},"end":{"line":13,"column":3}},"line":10},"2":{"name":"(anonymous_2)","decl":{"start":{"line":15,"column":24},"end":{"line":15,"column":25}},"loc":{"start":{"line":15,"column":30},"end":{"line":31,"column":3}},"line":15},"3":{"name":"(anonymous_3)","decl":{"start":{"line":17,"column":45},"end":{"line":17,"column":46}},"loc":{"start":{"line":17,"column":57},"end":{"line":19,"column":5}},"line":17},"4":{"name":"(anonymous_4)","decl":{"start":{"line":21,"column":18},"end":{"line":21,"column":19}},"loc":{"start":{"line":21,"column":28},"end":{"line":25,"column":5}},"line":21},"5":{"name":"(anonymous_5)","decl":{"start":{"line":27,"column":44},"end":{"line":27,"column":45}},"loc":{"start":{"line":27,"column":66},"end":{"line":30,"column":5}},"line":27},"6":{"name":"(anonymous_6)","decl":{"start":{"line":33,"column":26},"end":{"line":33,"column":27}},"loc":{"start":{"line":33,"column":32},"end":{"line":46,"column":3}},"line":33},"7":{"name":"(anonymous_7)","decl":{"start":{"line":36,"column":18},"end":{"line":36,"column":19}},"loc":{"start":{"line":36,"column":28},"end":{"line":40,"column":5}},"line":36},"8":{"name":"(anonymous_8)","decl":{"start":{"line":42,"column":46},"end":{"line":42,"column":47}},"loc":{"start":{"line":42,"column":70},"end":{"line":45,"column":5}},"line":42},"9":{"name":"(anonymous_9)","decl":{"start":{"line":48,"column":25},"end":{"line":48,"column":26}},"loc":{"start":{"line":48,"column":31},"end":{"line":68,"column":3}},"line":48},"10":{"name":"(anonymous_10)","decl":{"start":{"line":51,"column":21},"end":{"line":51,"column":22}},"loc":{"start":{"line":51,"column":34},"end":{"line":53,"column":5}},"line":51},"11":{"name":"(anonymous_11)","decl":{"start":{"line":55,"column":18},"end":{"line":55,"column":19}},"loc":{"start":{"line":55,"column":28},"end":{"line":59,"column":5}},"line":55},"12":{"name":"(anonymous_12)","decl":{"start":{"line":61,"column":45},"end":{"line":61,"column":46}},"loc":{"start":{"line":61,"column":69},"end":{"line":67,"column":5}},"line":61},"13":{"name":"(anonymous_13)","decl":{"start":{"line":62,"column":36},"end":{"line":62,"column":37}},"loc":{"start":{"line":62,"column":43},"end":{"line":62,"column":61}},"line":62},"14":{"name":"(anonymous_14)","decl":{"start":{"line":70,"column":26},"end":{"line":70,"column":27}},"loc":{"start":{"line":70,"column":32},"end":{"line":91,"column":3}},"line":70},"15":{"name":"(anonymous_15)","decl":{"start":{"line":81,"column":8},"end":{"line":81,"column":9}},"loc":{"start":{"line":81,"column":18},"end":{"line":81,"column":70}},"line":81},"16":{"name":"(anonymous_16)","decl":{"start":{"line":93,"column":28},"end":{"line":93,"column":29}},"loc":{"start":{"line":93,"column":34},"end":{"line":97,"column":3}},"line":93},"17":{"name":"(anonymous_17)","decl":{"start":{"line":94,"column":35},"end":{"line":94,"column":36}},"loc":{"start":{"line":94,"column":45},"end":{"line":94,"column":71}},"line":94},"18":{"name":"(anonymous_18)","decl":{"start":{"line":99,"column":35},"end":{"line":99,"column":36}},"loc":{"start":{"line":99,"column":41},"end":{"line":111,"column":3}},"line":99},"19":{"name":"(anonymous_19)","decl":{"start":{"line":100,"column":40},"end":{"line":100,"column":41}},"loc":{"start":{"line":100,"column":50},"end":{"line":100,"column":76}},"line":100},"20":{"name":"(anonymous_20)","decl":{"start":{"line":103,"column":44},"end":{"line":103,"column":45}},"loc":{"start":{"line":103,"column":59},"end":{"line":107,"column":5}},"line":103},"21":{"name":"(anonymous_21)","decl":{"start":{"line":279,"column":26},"end":{"line":279,"column":27}},"loc":{"start":{"line":279,"column":33},"end":{"line":279,"column":61}},"line":279}},"branchMap":{"0":{"loc":{"start":{"line":22,"column":6},"end":{"line":24,"column":7}},"type":"if","locations":[{"start":{"line":22,"column":6},"end":{"line":24,"column":7}},{"start":{},"end":{}}],"line":22},"1":{"loc":{"start":{"line":37,"column":6},"end":{"line":39,"column":7}},"type":"if","locations":[{"start":{"line":37,"column":6},"end":{"line":39,"column":7}},{"start":{},"end":{}}],"line":37},"2":{"loc":{"start":{"line":56,"column":6},"end":{"line":58,"column":7}},"type":"if","locations":[{"start":{"line":56,"column":6},"end":{"line":58,"column":7}},{"start":{},"end":{}}],"line":56},"3":{"loc":{"start":{"line":64,"column":15},"end":{"line":64,"column":41}},"type":"binary-expr","locations":[{"start":{"line":64,"column":15},"end":{"line":64,"column":28}},{"start":{"line":64,"column":32},"end":{"line":64,"column":41}}],"line":64},"4":{"loc":{"start":{"line":81,"column":18},"end":{"line":81,"column":70}},"type":"binary-expr","locations":[{"start":{"line":81,"column":18},"end":{"line":81,"column":32}},{"start":{"line":81,"column":36},"end":{"line":81,"column":70}}],"line":81},"5":{"loc":{"start":{"line":96,"column":11},"end":{"line":96,"column":64}},"type":"cond-expr","locations":[{"start":{"line":96,"column":23},"end":{"line":96,"column":60}},{"start":{"line":96,"column":63},"end":{"line":96,"column":64}}],"line":96},"6":{"loc":{"start":{"line":101,"column":4},"end":{"line":101,"column":46}},"type":"if","locations":[{"start":{"line":101,"column":4},"end":{"line":101,"column":46}},{"start":{},"end":{}}],"line":101}},"s":{"0":2,"1":27,"2":27,"3":27,"4":27,"5":12,"6":12,"7":27,"8":27,"9":27,"10":162,"11":27,"12":35,"13":34,"14":27,"15":162,"16":27,"17":27,"18":27,"19":35,"20":32,"21":27,"22":81,"23":27,"24":27,"25":27,"26":14,"27":27,"28":35,"29":32,"30":27,"31":14,"32":14,"33":14,"34":27,"35":27,"36":27,"37":27,"38":27,"39":27,"40":242,"41":242,"42":242,"43":242,"44":404,"45":242,"46":27,"47":27,"48":27,"49":35,"50":27,"51":27,"52":27,"53":27,"54":35,"55":27,"56":16,"57":11,"58":12,"59":12,"60":12,"61":11,"62":11,"63":27,"64":27,"65":27,"66":3},"f":{"0":27,"1":12,"2":27,"3":162,"4":35,"5":162,"6":27,"7":35,"8":81,"9":27,"10":14,"11":35,"12":14,"13":14,"14":27,"15":404,"16":27,"17":35,"18":27,"19":35,"20":12,"21":3},"b":{"0":[34,1],"1":[32,3],"2":[32,3],"3":[14,1],"4":[404,390],"5":[14,13],"6":[16,11]},"_coverageSchema":"1a1c01bbd47fc00a2c39e90264f33305004495a9","hash":"ee3d348f0a4f3eadb624fb8e73651c3f08074410"}
,"D:\\genAI\\projects\\TaskTrek\\src\\components\\Charts.js": {"path":"D:\\genAI\\projects\\TaskTrek\\src\\components\\Charts.js","statementMap":{"0":{"start":{"line":3,"column":17},"end":{"line":76,"column":1}},"1":{"start":{"line":4,"column":16},"end":{"line":4,"column":63}},"2":{"start":{"line":4,"column":43},"end":{"line":4,"column":59}},"3":{"start":{"line":5,"column":17},"end":{"line":12,"column":3}},"4":{"start":{"line":14,"column":29},"end":{"line":14,"column":30}},"5":{"start":{"line":16,"column":2},"end":{"line":75,"column":4}},"6":{"start":{"line":21,"column":29},"end":{"line":21,"column":55}},"7":{"start":{"line":22,"column":29},"end":{"line":22,"column":63}},"8":{"start":{"line":23,"column":27},"end":{"line":23,"column":76}},"9":{"start":{"line":25,"column":32},"end":{"line":25,"column":67}},"10":{"start":{"line":26,"column":30},"end":{"line":26,"column":63}},"11":{"start":{"line":28,"column":31},"end":{"line":28,"column":54}},"12":{"start":{"line":30,"column":21},"end":{"line":30,"column":55}},"13":{"start":{"line":31,"column":21},"end":{"line":31,"column":55}},"14":{"start":{"line":32,"column":21},"end":{"line":32,"column":53}},"15":{"start":{"line":33,"column":21},"end":{"line":33,"column":53}},"16":{"start":{"line":35,"column":27},"end":{"line":40,"column":21}},"17":{"start":{"line":42,"column":10},"end":{"line":42,"column":45}},"18":{"start":{"line":44,"column":10},"end":{"line":52,"column":12}},"19":{"start":{"line":57,"column":10},"end":{"line":71,"column":16}},"20":{"start":{"line":78,"column":17},"end":{"line":132,"column":1}},"21":{"start":{"line":79,"column":19},"end":{"line":79,"column":62}},"22":{"start":{"line":79,"column":50},"end":{"line":79,"column":60}},"23":{"start":{"line":80,"column":17},"end":{"line":87,"column":3}},"24":{"start":{"line":89,"column":2},"end":{"line":131,"column":4}},"25":{"start":{"line":94,"column":28},"end":{"line":94,"column":57}},"26":{"start":{"line":95,"column":27},"end":{"line":95,"column":29}},"27":{"start":{"line":96,"column":20},"end":{"line":96,"column":35}},"28":{"start":{"line":97,"column":20},"end":{"line":97,"column":35}},"29":{"start":{"line":99,"column":10},"end":{"line":127,"column":12}},"30":{"start":{"line":134,"column":18},"end":{"line":183,"column":1}},"31":{"start":{"line":135,"column":19},"end":{"line":135,"column":62}},"32":{"start":{"line":135,"column":50},"end":{"line":135,"column":60}},"33":{"start":{"line":136,"column":16},"end":{"line":136,"column":19}},"34":{"start":{"line":137,"column":17},"end":{"line":137,"column":20}},"35":{"start":{"line":138,"column":18},"end":{"line":138,"column":20}},"36":{"start":{"line":140,"column":17},"end":{"line":147,"column":14}},"37":{"start":{"line":142,"column":16},"end":{"line":142,"column":77}},"38":{"start":{"line":144,"column":8},"end":{"line":144,"column":75}},"39":{"start":{"line":145,"column":6},"end":{"line":145,"column":25}},"40":{"start":{"line":149,"column":2},"end":{"line":182,"column":4}},"41":{"start":{"line":161,"column":12},"end":{"line":161,"column":73}},"42":{"start":{"line":163,"column":12},"end":{"line":163,"column":79}},"43":{"start":{"line":165,"column":10},"end":{"line":178,"column":12}}},"fnMap":{"0":{"name":"(anonymous_0)","decl":{"start":{"line":3,"column":17},"end":{"line":3,"column":18}},"loc":{"start":{"line":3,"column":38},"end":{"line":76,"column":1}},"line":3},"1":{"name":"(anonymous_1)","decl":{"start":{"line":4,"column":28},"end":{"line":4,"column":29}},"loc":{"start":{"line":4,"column":43},"end":{"line":4,"column":59}},"line":4},"2":{"name":"(anonymous_2)","decl":{"start":{"line":20,"column":18},"end":{"line":20,"column":19}},"loc":{"start":{"line":20,"column":35},"end":{"line":53,"column":9}},"line":20},"3":{"name":"(anonymous_3)","decl":{"start":{"line":56,"column":18},"end":{"line":56,"column":19}},"loc":{"start":{"line":57,"column":10},"end":{"line":71,"column":16}},"line":57},"4":{"name":"(anonymous_4)","decl":{"start":{"line":78,"column":17},"end":{"line":78,"column":18}},"loc":{"start":{"line":78,"column":38},"end":{"line":132,"column":1}},"line":78},"5":{"name":"(anonymous_5)","decl":{"start":{"line":79,"column":40},"end":{"line":79,"column":41}},"loc":{"start":{"line":79,"column":50},"end":{"line":79,"column":60}},"line":79},"6":{"name":"(anonymous_6)","decl":{"start":{"line":93,"column":18},"end":{"line":93,"column":19}},"loc":{"start":{"line":93,"column":35},"end":{"line":128,"column":9}},"line":93},"7":{"name":"(anonymous_7)","decl":{"start":{"line":134,"column":18},"end":{"line":134,"column":19}},"loc":{"start":{"line":134,"column":39},"end":{"line":183,"column":1}},"line":134},"8":{"name":"(anonymous_8)","decl":{"start":{"line":135,"column":40},"end":{"line":135,"column":41}},"loc":{"start":{"line":135,"column":50},"end":{"line":135,"column":60}},"line":135},"9":{"name":"(anonymous_9)","decl":{"start":{"line":141,"column":9},"end":{"line":141,"column":10}},"loc":{"start":{"line":141,"column":26},"end":{"line":146,"column":5}},"line":141},"10":{"name":"(anonymous_10)","decl":{"start":{"line":159,"column":18},"end":{"line":159,"column":19}},"loc":{"start":{"line":159,"column":35},"end":{"line":179,"column":9}},"line":159}},"branchMap":{"0":{"loc":{"start":{"line":28,"column":31},"end":{"line":28,"column":54}},"type":"cond-expr","locations":[{"start":{"line":28,"column":49},"end":{"line":28,"column":50}},{"start":{"line":28,"column":53},"end":{"line":28,"column":54}}],"line":28}},"s":{"0":2,"1":9,"2":25,"3":9,"4":9,"5":9,"6":25,"7":25,"8":25,"9":25,"10":25,"11":25,"12":25,"13":25,"14":25,"15":25,"16":25,"17":25,"18":25,"19":25,"20":2,"21":7,"22":14,"23":7,"24":7,"25":14,"26":14,"27":14,"28":14,"29":14,"30":2,"31":8,"32":14,"33":8,"34":8,"35":8,"36":8,"37":14,"38":14,"39":14,"40":8,"41":14,"42":14,"43":14},"f":{"0":9,"1":25,"2":25,"3":25,"4":7,"5":14,"6":14,"7":8,"8":14,"9":14,"10":14},"b":{"0":[3,22]},"_coverageSchema":"1a1c01bbd47fc00a2c39e90264f33305004495a9","hash":"84490e51ce16539320ce9b72e003cebf538b1c10"}
,"D:\\genAI\\projects\\TaskTrek\\src\\components\\Dashboard.js": {"path":"D:\\genAI\\projects\\TaskTrek\\src\\components\\Dashboard.js","statementMap":{"0":{"start":{"line":10,"column":18},"end":{"line":392,"column":1}},"1":{"start":{"line":11,"column":28},"end":{"line":11,"column":40}},"2":{"start":{"line":12,"column":40},"end":{"line":12,"column":54}},"3":{"start":{"line":13,"column":30},"end":{"line":13,"column":45}},"4":{"start":{"line":14,"column":54},"end":{"line":14,"column":69}},"5":{"start":{"line":15,"column":46},"end":{"line":15,"column":60}},"6":{"start":{"line":16,"column":44},"end":{"line":16,"column":59}},"7":{"start":{"line":17,"column":38},"end":{"line":17,"column":49}},"8":{"start":{"line":19,"column":2},"end":{"line":21,"column":19}},"9":{"start":{"line":20,"column":4},"end":{"line":20,"column":33}},"10":{"start":{"line":23,"column":22},"end":{"line":25,"column":3}},"11":{"start":{"line":24,"column":4},"end":{"line":24,"column":38}},"12":{"start":{"line":24,"column":28},"end":{"line":24,"column":36}},"13":{"start":{"line":27,"column":19},"end":{"line":35,"column":3}},"14":{"start":{"line":28,"column":25},"end":{"line":30,"column":24}},"15":{"start":{"line":29,"column":26},"end":{"line":29,"column":53}},"16":{"start":{"line":32,"column":4},"end":{"line":32,"column":27}},"17":{"start":{"line":33,"column":4},"end":{"line":33,"column":36}},"18":{"start":{"line":34,"column":4},"end":{"line":34,"column":25}},"19":{"start":{"line":37,"column":21},"end":{"line":47,"column":3}},"20":{"start":{"line":38,"column":25},"end":{"line":38,"column":59}},"21":{"start":{"line":38,"column":43},"end":{"line":38,"column":58}},"22":{"start":{"line":39,"column":25},"end":{"line":39,"column":61}},"23":{"start":{"line":39,"column":45},"end":{"line":39,"column":60}},"24":{"start":{"line":40,"column":4},"end":{"line":40,"column":27}},"25":{"start":{"line":41,"column":4},"end":{"line":41,"column":36}},"26":{"start":{"line":44,"column":4},"end":{"line":46,"column":5}},"27":{"start":{"line":45,"column":6},"end":{"line":45,"column":80}},"28":{"start":{"line":49,"column":27},"end":{"line":83,"column":3}},"29":{"start":{"line":50,"column":25},"end":{"line":80,"column":6}},"30":{"start":{"line":51,"column":6},"end":{"line":78,"column":7}},"31":{"start":{"line":52,"column":28},"end":{"line":56,"column":9}},"32":{"start":{"line":59,"column":24},"end":{"line":59,"column":54}},"33":{"start":{"line":60,"column":29},"end":{"line":67,"column":9}},"34":{"start":{"line":68,"column":8},"end":{"line":68,"column":68}},"35":{"start":{"line":71,"column":8},"end":{"line":75,"column":10}},"36":{"start":{"line":77,"column":8},"end":{"line":77,"column":27}},"37":{"start":{"line":79,"column":6},"end":{"line":79,"column":15}},"38":{"start":{"line":81,"column":4},"end":{"line":81,"column":27}},"39":{"start":{"line":82,"column":4},"end":{"line":82,"column":36}},"40":{"start":{"line":85,"column":24},"end":{"line":88,"column":4}},"41":{"start":{"line":86,"column":4},"end":{"line":86,"column":38}},"42":{"start":{"line":86,"column":26},"end":{"line":86,"column":38}},"43":{"start":{"line":87,"column":4},"end":{"line":87,"column":34}},"44":{"start":{"line":90,"column":24},"end":{"line":108,"column":3}},"45":{"start":{"line":91,"column":4},"end":{"line":107,"column":6}},"46":{"start":{"line":93,"column":34},"end":{"line":93,"column":71}},"47":{"start":{"line":95,"column":15},"end":{"line":95,"column":57}},"48":{"start":{"line":98,"column":15},"end":{"line":98,"column":57}},"49":{"start":{"line":101,"column":15},"end":{"line":101,"column":59}},"50":{"start":{"line":103,"column":36},"end":{"line":103,"column":76}},"51":{"start":{"line":105,"column":36},"end":{"line":105,"column":75}},"52":{"start":{"line":110,"column":17},"end":{"line":110,"column":32}},"53":{"start":{"line":112,"column":22},"end":{"line":117,"column":3}},"54":{"start":{"line":119,"column":21},"end":{"line":124,"column":3}},"55":{"start":{"line":126,"column":24},"end":{"line":133,"column":3}},"56":{"start":{"line":135,"column":22},"end":{"line":140,"column":3}},"57":{"start":{"line":142,"column":28},"end":{"line":150,"column":3}},"58":{"start":{"line":152,"column":28},"end":{"line":157,"column":3}},"59":{"start":{"line":159,"column":2},"end":{"line":391,"column":4}},"60":{"start":{"line":177,"column":29},"end":{"line":177,"column":51}},"61":{"start":{"line":191,"column":29},"end":{"line":191,"column":56}},"62":{"start":{"line":269,"column":26},"end":{"line":269,"column":46}},"63":{"start":{"line":275,"column":27},"end":{"line":275,"column":43}},"64":{"start":{"line":285,"column":27},"end":{"line":285,"column":62}},"65":{"start":{"line":295,"column":27},"end":{"line":295,"column":67}},"66":{"start":{"line":305,"column":27},"end":{"line":305,"column":67}},"67":{"start":{"line":315,"column":27},"end":{"line":315,"column":69}},"68":{"start":{"line":325,"column":27},"end":{"line":325,"column":65}},"69":{"start":{"line":335,"column":27},"end":{"line":335,"column":64}},"70":{"start":{"line":359,"column":14},"end":{"line":366,"column":16}},"71":{"start":{"line":365,"column":30},"end":{"line":365,"column":56}},"72":{"start":{"line":375,"column":12},"end":{"line":375,"column":41}},"73":{"start":{"line":376,"column":12},"end":{"line":376,"column":26}},"74":{"start":{"line":384,"column":25},"end":{"line":384,"column":48}},"75":{"start":{"line":389,"column":50},"end":{"line":389,"column":73}}},"fnMap":{"0":{"name":"(anonymous_0)","decl":{"start":{"line":10,"column":18},"end":{"line":10,"column":19}},"loc":{"start":{"line":10,"column":24},"end":{"line":392,"column":1}},"line":10},"1":{"name":"(anonymous_1)","decl":{"start":{"line":19,"column":12},"end":{"line":19,"column":13}},"loc":{"start":{"line":19,"column":18},"end":{"line":21,"column":3}},"line":19},"2":{"name":"(anonymous_2)","decl":{"start":{"line":23,"column":22},"end":{"line":23,"column":23}},"loc":{"start":{"line":23,"column":28},"end":{"line":25,"column":3}},"line":23},"3":{"name":"(anonymous_3)","decl":{"start":{"line":24,"column":18},"end":{"line":24,"column":19}},"loc":{"start":{"line":24,"column":28},"end":{"line":24,"column":36}},"line":24},"4":{"name":"(anonymous_4)","decl":{"start":{"line":27,"column":19},"end":{"line":27,"column":20}},"loc":{"start":{"line":27,"column":29},"end":{"line":35,"column":3}},"line":27},"5":{"name":"(anonymous_5)","decl":{"start":{"line":29,"column":18},"end":{"line":29,"column":19}},"loc":{"start":{"line":29,"column":26},"end":{"line":29,"column":53}},"line":29},"6":{"name":"(anonymous_6)","decl":{"start":{"line":37,"column":21},"end":{"line":37,"column":22}},"loc":{"start":{"line":37,"column":33},"end":{"line":47,"column":3}},"line":37},"7":{"name":"(anonymous_7)","decl":{"start":{"line":38,"column":36},"end":{"line":38,"column":37}},"loc":{"start":{"line":38,"column":43},"end":{"line":38,"column":58}},"line":38},"8":{"name":"(anonymous_8)","decl":{"start":{"line":39,"column":38},"end":{"line":39,"column":39}},"loc":{"start":{"line":39,"column":45},"end":{"line":39,"column":60}},"line":39},"9":{"name":"(anonymous_9)","decl":{"start":{"line":49,"column":27},"end":{"line":49,"column":28}},"loc":{"start":{"line":49,"column":50},"end":{"line":83,"column":3}},"line":49},"10":{"name":"(anonymous_10)","decl":{"start":{"line":50,"column":35},"end":{"line":50,"column":36}},"loc":{"start":{"line":50,"column":42},"end":{"line":80,"column":5}},"line":50},"11":{"name":"(anonymous_11)","decl":{"start":{"line":85,"column":37},"end":{"line":85,"column":38}},"loc":{"start":{"line":85,"column":47},"end":{"line":88,"column":3}},"line":85},"12":{"name":"(anonymous_12)","decl":{"start":{"line":90,"column":24},"end":{"line":90,"column":25}},"loc":{"start":{"line":90,"column":30},"end":{"line":108,"column":3}},"line":90},"13":{"name":"(anonymous_13)","decl":{"start":{"line":93,"column":27},"end":{"line":93,"column":28}},"loc":{"start":{"line":93,"column":34},"end":{"line":93,"column":71}},"line":93},"14":{"name":"(anonymous_14)","decl":{"start":{"line":95,"column":8},"end":{"line":95,"column":9}},"loc":{"start":{"line":95,"column":15},"end":{"line":95,"column":57}},"line":95},"15":{"name":"(anonymous_15)","decl":{"start":{"line":98,"column":8},"end":{"line":98,"column":9}},"loc":{"start":{"line":98,"column":15},"end":{"line":98,"column":57}},"line":98},"16":{"name":"(anonymous_16)","decl":{"start":{"line":101,"column":8},"end":{"line":101,"column":9}},"loc":{"start":{"line":101,"column":15},"end":{"line":101,"column":59}},"line":101},"17":{"name":"(anonymous_17)","decl":{"start":{"line":103,"column":29},"end":{"line":103,"column":30}},"loc":{"start":{"line":103,"column":36},"end":{"line":103,"column":76}},"line":103},"18":{"name":"(anonymous_18)","decl":{"start":{"line":105,"column":29},"end":{"line":105,"column":30}},"loc":{"start":{"line":105,"column":36},"end":{"line":105,"column":75}},"line":105},"19":{"name":"(anonymous_19)","decl":{"start":{"line":177,"column":23},"end":{"line":177,"column":24}},"loc":{"start":{"line":177,"column":29},"end":{"line":177,"column":51}},"line":177},"20":{"name":"(anonymous_20)","decl":{"start":{"line":191,"column":23},"end":{"line":191,"column":24}},"loc":{"start":{"line":191,"column":29},"end":{"line":191,"column":56}},"line":191},"21":{"name":"(anonymous_21)","decl":{"start":{"line":269,"column":20},"end":{"line":269,"column":21}},"loc":{"start":{"line":269,"column":26},"end":{"line":269,"column":46}},"line":269},"22":{"name":"(anonymous_22)","decl":{"start":{"line":275,"column":21},"end":{"line":275,"column":22}},"loc":{"start":{"line":275,"column":27},"end":{"line":275,"column":43}},"line":275},"23":{"name":"(anonymous_23)","decl":{"start":{"line":285,"column":21},"end":{"line":285,"column":22}},"loc":{"start":{"line":285,"column":27},"end":{"line":285,"column":62}},"line":285},"24":{"name":"(anonymous_24)","decl":{"start":{"line":295,"column":21},"end":{"line":295,"column":22}},"loc":{"start":{"line":295,"column":27},"end":{"line":295,"column":67}},"line":295},"25":{"name":"(anonymous_25)","decl":{"start":{"line":305,"column":21},"end":{"line":305,"column":22}},"loc":{"start":{"line":305,"column":27},"end":{"line":305,"column":67}},"line":305},"26":{"name":"(anonymous_26)","decl":{"start":{"line":315,"column":21},"end":{"line":315,"column":22}},"loc":{"start":{"line":315,"column":27},"end":{"line":315,"column":69}},"line":315},"27":{"name":"(anonymous_27)","decl":{"start":{"line":325,"column":21},"end":{"line":325,"column":22}},"loc":{"start":{"line":325,"column":27},"end":{"line":325,"column":65}},"line":325},"28":{"name":"(anonymous_28)","decl":{"start":{"line":335,"column":21},"end":{"line":335,"column":22}},"loc":{"start":{"line":335,"column":27},"end":{"line":335,"column":64}},"line":335},"29":{"name":"(anonymous_29)","decl":{"start":{"line":358,"column":30},"end":{"line":358,"column":31}},"loc":{"start":{"line":359,"column":14},"end":{"line":366,"column":16}},"line":359},"30":{"name":"(anonymous_30)","decl":{"start":{"line":365,"column":24},"end":{"line":365,"column":25}},"loc":{"start":{"line":365,"column":30},"end":{"line":365,"column":56}},"line":365},"31":{"name":"(anonymous_31)","decl":{"start":{"line":374,"column":19},"end":{"line":374,"column":20}},"loc":{"start":{"line":374,"column":25},"end":{"line":377,"column":11}},"line":374},"32":{"name":"(anonymous_32)","decl":{"start":{"line":384,"column":19},"end":{"line":384,"column":20}},"loc":{"start":{"line":384,"column":25},"end":{"line":384,"column":48}},"line":384},"33":{"name":"(anonymous_33)","decl":{"start":{"line":389,"column":44},"end":{"line":389,"column":45}},"loc":{"start":{"line":389,"column":50},"end":{"line":389,"column":73}},"line":389}},"branchMap":{"0":{"loc":{"start":{"line":28,"column":25},"end":{"line":30,"column":24}},"type":"cond-expr","locations":[{"start":{"line":29,"column":8},"end":{"line":29,"column":55}},{"start":{"line":30,"column":8},"end":{"line":30,"column":24}}],"line":28},"1":{"loc":{"start":{"line":29,"column":26},"end":{"line":29,"column":53}},"type":"cond-expr","locations":[{"start":{"line":29,"column":45},"end":{"line":29,"column":49}},{"start":{"line":29,"column":52},"end":{"line":29,"column":53}}],"line":29},"2":{"loc":{"start":{"line":44,"column":4},"end":{"line":46,"column":5}},"type":"if","locations":[{"start":{"line":44,"column":4},"end":{"line":46,"column":5}},{"start":{},"end":{}}],"line":44},"3":{"loc":{"start":{"line":51,"column":6},"end":{"line":78,"column":7}},"type":"if","locations":[{"start":{"line":51,"column":6},"end":{"line":78,"column":7}},{"start":{},"end":{}}],"line":51},"4":{"loc":{"start":{"line":86,"column":4},"end":{"line":86,"column":38}},"type":"if","locations":[{"start":{"line":86,"column":4},"end":{"line":86,"column":38}},{"start":{},"end":{}}],"line":86},"5":{"loc":{"start":{"line":274,"column":19},"end":{"line":274,"column":75}},"type":"cond-expr","locations":[{"start":{"line":274,"column":38},"end":{"line":274,"column":55}},{"start":{"line":274,"column":58},"end":{"line":274,"column":75}}],"line":274},"6":{"loc":{"start":{"line":281,"column":14},"end":{"line":283,"column":35}},"type":"cond-expr","locations":[{"start":{"line":282,"column":18},"end":{"line":282,"column":35}},{"start":{"line":283,"column":18},"end":{"line":283,"column":35}}],"line":281},"7":{"loc":{"start":{"line":291,"column":14},"end":{"line":293,"column":35}},"type":"cond-expr","locations":[{"start":{"line":292,"column":18},"end":{"line":292,"column":35}},{"start":{"line":293,"column":18},"end":{"line":293,"column":35}}],"line":291},"8":{"loc":{"start":{"line":301,"column":14},"end":{"line":303,"column":35}},"type":"cond-expr","locations":[{"start":{"line":302,"column":18},"end":{"line":302,"column":35}},{"start":{"line":303,"column":18},"end":{"line":303,"column":35}}],"line":301},"9":{"loc":{"start":{"line":311,"column":14},"end":{"line":313,"column":35}},"type":"cond-expr","locations":[{"start":{"line":312,"column":18},"end":{"line":312,"column":35}},{"start":{"line":313,"column":18},"end":{"line":313,"column":35}}],"line":311},"10":{"loc":{"start":{"line":321,"column":14},"end":{"line":323,"column":35}},"type":"cond-expr","locations":[{"start":{"line":322,"column":18},"end":{"line":322,"column":35}},{"start":{"line":323,"column":18},"end":{"line":323,"column":35}}],"line":321},"11":{"loc":{"start":{"line":331,"column":14},"end":{"line":333,"column":35}},"type":"cond-expr","locations":[{"start":{"line":332,"column":18},"end":{"line":332,"column":35}},{"start":{"line":333,"column":18},"end":{"line":333,"column":35}}],"line":331},"12":{"loc":{"start":{"line":342,"column":11},"end":{"line":368,"column":11}},"type":"cond-expr","locations":[{"start":{"line":343,"column":12},"end":{"line":356,"column":18}},{"start":{"line":358,"column":12},"end":{"line":367,"column":14}}],"line":342},"13":{"loc":{"start":{"line":372,"column":7},"end":{"line":379,"column":7}},"type":"binary-expr","locations":[{"start":{"line":372,"column":7},"end":{"line":372,"column":25}},{"start":{"line":373,"column":8},"end":{"line":378,"column":10}}],"line":372},"14":{"loc":{"start":{"line":381,"column":7},"end":{"line":387,"column":7}},"type":"binary-expr","locations":[{"start":{"line":381,"column":7},"end":{"line":381,"column":21}},{"start":{"line":382,"column":8},"end":{"line":386,"column":10}}],"line":381},"15":{"loc":{"start":{"line":389,"column":7},"end":{"line":389,"column":77}},"type":"binary-expr","locations":[{"start":{"line":389,"column":7},"end":{"line":389,"column":20}},{"start":{"line":389,"column":24},"end":{"line":389,"column":77}}],"line":389}},"s":{"0":1,"1":48,"2":48,"3":48,"4":48,"5":48,"6":48,"7":48,"8":48,"9":16,"10":48,"11":1,"12":1,"13":48,"14":2,"15":3,"16":2,"17":2,"18":2,"19":48,"20":1,"21":1,"22":1,"23":3,"24":1,"25":1,"26":1,"27":1,"28":48,"29":1,"30":3,"31":1,"32":1,"33":1,"34":1,"35":1,"36":1,"37":2,"38":1,"39":1,"40":48,"41":96,"42":78,"43":18,"44":48,"45":48,"46":96,"47":96,"48":96,"49":96,"50":96,"51":96,"52":48,"53":48,"54":48,"55":48,"56":48,"57":48,"58":48,"59":48,"60":0,"61":2,"62":1,"63":1,"64":1,"65":1,"66":1,"67":1,"68":1,"69":1,"70":81,"71":0,"72":1,"73":1,"74":0,"75":0},"f":{"0":48,"1":16,"2":1,"3":1,"4":2,"5":3,"6":1,"7":1,"8":3,"9":1,"10":3,"11":96,"12":48,"13":96,"14":96,"15":96,"16":96,"17":96,"18":96,"19":0,"20":2,"21":1,"22":1,"23":1,"24":1,"25":1,"26":1,"27":1,"28":1,"29":81,"30":0,"31":1,"32":0,"33":0},"b":{"0":[1,1],"1":[1,2],"2":[1,0],"3":[1,2],"4":[78,18],"5":[42,6],"6":[1,47],"7":[1,47],"8":[1,47],"9":[1,47],"10":[1,47],"11":[1,47],"12":[19,29],"13":[48,2],"14":[48,0],"15":[48,0]},"_coverageSchema":"1a1c01bbd47fc00a2c39e90264f33305004495a9","hash":"081dc3bb7c4726673102cf5b7c64fc42534af70c"}
,"D:\\genAI\\projects\\TaskTrek\\src\\components\\ProjectManager.js": {"path":"D:\\genAI\\projects\\TaskTrek\\src\\components\\ProjectManager.js","statementMap":{"0":{"start":{"line":4,"column":23},"end":{"line":391,"column":1}},"1":{"start":{"line":5,"column":34},"end":{"line":5,"column":65}},"2":{"start":{"line":6,"column":38},"end":{"line":6,"column":71}},"3":{"start":{"line":7,"column":36},"end":{"line":7,"column":68}},"4":{"start":{"line":8,"column":36},"end":{"line":8,"column":56}},"5":{"start":{"line":10,"column":38},"end":{"line":14,"column":4}},"6":{"start":{"line":15,"column":42},"end":{"line":18,"column":4}},"7":{"start":{"line":19,"column":40},"end":{"line":19,"column":73}},"8":{"start":{"line":21,"column":21},"end":{"line":33,"column":3}},"9":{"start":{"line":22,"column":4},"end":{"line":32,"column":5}},"10":{"start":{"line":23,"column":22},"end":{"line":27,"column":7}},"11":{"start":{"line":28,"column":30},"end":{"line":28,"column":52}},"12":{"start":{"line":29,"column":6},"end":{"line":29,"column":35}},"13":{"start":{"line":30,"column":6},"end":{"line":30,"column":44}},"14":{"start":{"line":31,"column":6},"end":{"line":31,"column":60}},"15":{"start":{"line":35,"column":24},"end":{"line":47,"column":3}},"16":{"start":{"line":36,"column":4},"end":{"line":36,"column":40}},"17":{"start":{"line":36,"column":33},"end":{"line":36,"column":40}},"18":{"start":{"line":37,"column":28},"end":{"line":37,"column":70}},"19":{"start":{"line":37,"column":51},"end":{"line":37,"column":69}},"20":{"start":{"line":38,"column":4},"end":{"line":38,"column":33}},"21":{"start":{"line":39,"column":4},"end":{"line":39,"column":42}},"22":{"start":{"line":42,"column":30},"end":{"line":44,"column":5}},"23":{"start":{"line":43,"column":13},"end":{"line":43,"column":38}},"24":{"start":{"line":45,"column":4},"end":{"line":45,"column":37}},"25":{"start":{"line":46,"column":4},"end":{"line":46,"column":46}},"26":{"start":{"line":49,"column":23},"end":{"line":60,"column":3}},"27":{"start":{"line":50,"column":4},"end":{"line":59,"column":5}},"28":{"start":{"line":51,"column":24},"end":{"line":54,"column":7}},"29":{"start":{"line":55,"column":32},"end":{"line":55,"column":58}},"30":{"start":{"line":56,"column":6},"end":{"line":56,"column":39}},"31":{"start":{"line":57,"column":6},"end":{"line":57,"column":48}},"32":{"start":{"line":58,"column":6},"end":{"line":58,"column":58}},"33":{"start":{"line":62,"column":26},"end":{"line":66,"column":3}},"34":{"start":{"line":63,"column":30},"end":{"line":63,"column":76}},"35":{"start":{"line":63,"column":55},"end":{"line":63,"column":75}},"36":{"start":{"line":64,"column":4},"end":{"line":64,"column":37}},"37":{"start":{"line":65,"column":4},"end":{"line":65,"column":46}},"38":{"start":{"line":68,"column":22},"end":{"line":79,"column":3}},"39":{"start":{"line":69,"column":4},"end":{"line":78,"column":5}},"40":{"start":{"line":70,"column":23},"end":{"line":73,"column":7}},"41":{"start":{"line":74,"column":31},"end":{"line":74,"column":55}},"42":{"start":{"line":75,"column":6},"end":{"line":75,"column":37}},"43":{"start":{"line":76,"column":6},"end":{"line":76,"column":46}},"44":{"start":{"line":77,"column":6},"end":{"line":77,"column":46}},"45":{"start":{"line":81,"column":25},"end":{"line":86,"column":3}},"46":{"start":{"line":82,"column":4},"end":{"line":82,"column":44}},"47":{"start":{"line":82,"column":37},"end":{"line":82,"column":44}},"48":{"start":{"line":83,"column":29},"end":{"line":83,"column":73}},"49":{"start":{"line":83,"column":53},"end":{"line":83,"column":72}},"50":{"start":{"line":84,"column":4},"end":{"line":84,"column":35}},"51":{"start":{"line":85,"column":4},"end":{"line":85,"column":44}},"52":{"start":{"line":88,"column":21},"end":{"line":99,"column":3}},"53":{"start":{"line":101,"column":23},"end":{"line":109,"column":3}},"54":{"start":{"line":111,"column":19},"end":{"line":118,"column":3}},"55":{"start":{"line":120,"column":25},"end":{"line":124,"column":3}},"56":{"start":{"line":126,"column":21},"end":{"line":132,"column":3}},"57":{"start":{"line":134,"column":22},"end":{"line":140,"column":3}},"58":{"start":{"line":142,"column":20},"end":{"line":150,"column":3}},"59":{"start":{"line":152,"column":2},"end":{"line":390,"column":4}},"60":{"start":{"line":179,"column":27},"end":{"line":179,"column":51}},"61":{"start":{"line":185,"column":27},"end":{"line":185,"column":53}},"62":{"start":{"line":191,"column":27},"end":{"line":191,"column":52}},"63":{"start":{"line":206,"column":18},"end":{"line":206,"column":72}},"64":{"start":{"line":215,"column":18},"end":{"line":215,"column":71}},"65":{"start":{"line":224,"column":18},"end":{"line":224,"column":79}},"66":{"start":{"line":240,"column":14},"end":{"line":260,"column":20}},"67":{"start":{"line":250,"column":35},"end":{"line":250,"column":60}},"68":{"start":{"line":274,"column":18},"end":{"line":274,"column":76}},"69":{"start":{"line":281,"column":18},"end":{"line":284,"column":20}},"70":{"start":{"line":289,"column":18},"end":{"line":291,"column":27}},"71":{"start":{"line":306,"column":30},"end":{"line":308,"column":15}},"72":{"start":{"line":307,"column":23},"end":{"line":307,"column":51}},"73":{"start":{"line":309,"column":14},"end":{"line":327,"column":16}},"74":{"start":{"line":317,"column":35},"end":{"line":317,"column":64}},"75":{"start":{"line":341,"column":18},"end":{"line":341,"column":74}},"76":{"start":{"line":350,"column":18},"end":{"line":350,"column":75}},"77":{"start":{"line":366,"column":14},"end":{"line":384,"column":20}},"78":{"start":{"line":374,"column":35},"end":{"line":374,"column":62}}},"fnMap":{"0":{"name":"(anonymous_0)","decl":{"start":{"line":4,"column":23},"end":{"line":4,"column":24}},"loc":{"start":{"line":4,"column":40},"end":{"line":391,"column":1}},"line":4},"1":{"name":"(anonymous_1)","decl":{"start":{"line":21,"column":21},"end":{"line":21,"column":22}},"loc":{"start":{"line":21,"column":27},"end":{"line":33,"column":3}},"line":21},"2":{"name":"(anonymous_2)","decl":{"start":{"line":35,"column":24},"end":{"line":35,"column":25}},"loc":{"start":{"line":35,"column":39},"end":{"line":47,"column":3}},"line":35},"3":{"name":"(anonymous_3)","decl":{"start":{"line":37,"column":44},"end":{"line":37,"column":45}},"loc":{"start":{"line":37,"column":51},"end":{"line":37,"column":69}},"line":37},"4":{"name":"(anonymous_4)","decl":{"start":{"line":43,"column":6},"end":{"line":43,"column":7}},"loc":{"start":{"line":43,"column":13},"end":{"line":43,"column":38}},"line":43},"5":{"name":"(anonymous_5)","decl":{"start":{"line":49,"column":23},"end":{"line":49,"column":24}},"loc":{"start":{"line":49,"column":29},"end":{"line":60,"column":3}},"line":49},"6":{"name":"(anonymous_6)","decl":{"start":{"line":62,"column":26},"end":{"line":62,"column":27}},"loc":{"start":{"line":62,"column":43},"end":{"line":66,"column":3}},"line":62},"7":{"name":"(anonymous_7)","decl":{"start":{"line":63,"column":48},"end":{"line":63,"column":49}},"loc":{"start":{"line":63,"column":55},"end":{"line":63,"column":75}},"line":63},"8":{"name":"(anonymous_8)","decl":{"start":{"line":68,"column":22},"end":{"line":68,"column":23}},"loc":{"start":{"line":68,"column":28},"end":{"line":79,"column":3}},"line":68},"9":{"name":"(anonymous_9)","decl":{"start":{"line":81,"column":25},"end":{"line":81,"column":26}},"loc":{"start":{"line":81,"column":41},"end":{"line":86,"column":3}},"line":81},"10":{"name":"(anonymous_10)","decl":{"start":{"line":83,"column":46},"end":{"line":83,"column":47}},"loc":{"start":{"line":83,"column":53},"end":{"line":83,"column":72}},"line":83},"11":{"name":"(anonymous_11)","decl":{"start":{"line":179,"column":21},"end":{"line":179,"column":22}},"loc":{"start":{"line":179,"column":27},"end":{"line":179,"column":51}},"line":179},"12":{"name":"(anonymous_12)","decl":{"start":{"line":185,"column":21},"end":{"line":185,"column":22}},"loc":{"start":{"line":185,"column":27},"end":{"line":185,"column":53}},"line":185},"13":{"name":"(anonymous_13)","decl":{"start":{"line":191,"column":21},"end":{"line":191,"column":22}},"loc":{"start":{"line":191,"column":27},"end":{"line":191,"column":52}},"line":191},"14":{"name":"(anonymous_14)","decl":{"start":{"line":205,"column":26},"end":{"line":205,"column":27}},"loc":{"start":{"line":206,"column":18},"end":{"line":206,"column":72}},"line":206},"15":{"name":"(anonymous_15)","decl":{"start":{"line":214,"column":26},"end":{"line":214,"column":27}},"loc":{"start":{"line":215,"column":18},"end":{"line":215,"column":71}},"line":215},"16":{"name":"(anonymous_16)","decl":{"start":{"line":223,"column":26},"end":{"line":223,"column":27}},"loc":{"start":{"line":224,"column":18},"end":{"line":224,"column":79}},"line":224},"17":{"name":"(anonymous_17)","decl":{"start":{"line":239,"column":26},"end":{"line":239,"column":27}},"loc":{"start":{"line":240,"column":14},"end":{"line":260,"column":20}},"line":240},"18":{"name":"(anonymous_18)","decl":{"start":{"line":250,"column":29},"end":{"line":250,"column":30}},"loc":{"start":{"line":250,"column":35},"end":{"line":250,"column":60}},"line":250},"19":{"name":"(anonymous_19)","decl":{"start":{"line":273,"column":26},"end":{"line":273,"column":27}},"loc":{"start":{"line":274,"column":18},"end":{"line":274,"column":76}},"line":274},"20":{"name":"(anonymous_20)","decl":{"start":{"line":280,"column":26},"end":{"line":280,"column":27}},"loc":{"start":{"line":281,"column":18},"end":{"line":284,"column":20}},"line":281},"21":{"name":"(anonymous_21)","decl":{"start":{"line":288,"column":30},"end":{"line":288,"column":31}},"loc":{"start":{"line":289,"column":18},"end":{"line":291,"column":27}},"line":289},"22":{"name":"(anonymous_22)","decl":{"start":{"line":305,"column":28},"end":{"line":305,"column":29}},"loc":{"start":{"line":305,"column":43},"end":{"line":328,"column":13}},"line":305},"23":{"name":"(anonymous_23)","decl":{"start":{"line":307,"column":16},"end":{"line":307,"column":17}},"loc":{"start":{"line":307,"column":23},"end":{"line":307,"column":51}},"line":307},"24":{"name":"(anonymous_24)","decl":{"start":{"line":317,"column":29},"end":{"line":317,"column":30}},"loc":{"start":{"line":317,"column":35},"end":{"line":317,"column":64}},"line":317},"25":{"name":"(anonymous_25)","decl":{"start":{"line":340,"column":26},"end":{"line":340,"column":27}},"loc":{"start":{"line":341,"column":18},"end":{"line":341,"column":74}},"line":341},"26":{"name":"(anonymous_26)","decl":{"start":{"line":349,"column":26},"end":{"line":349,"column":27}},"loc":{"start":{"line":350,"column":18},"end":{"line":350,"column":75}},"line":350},"27":{"name":"(anonymous_27)","decl":{"start":{"line":365,"column":27},"end":{"line":365,"column":28}},"loc":{"start":{"line":366,"column":14},"end":{"line":384,"column":20}},"line":366},"28":{"name":"(anonymous_28)","decl":{"start":{"line":374,"column":29},"end":{"line":374,"column":30}},"loc":{"start":{"line":374,"column":35},"end":{"line":374,"column":62}},"line":374}},"branchMap":{"0":{"loc":{"start":{"line":22,"column":4},"end":{"line":32,"column":5}},"type":"if","locations":[{"start":{"line":22,"column":4},"end":{"line":32,"column":5}},{"start":{},"end":{}}],"line":22},"1":{"loc":{"start":{"line":22,"column":8},"end":{"line":22,"column":55}},"type":"binary-expr","locations":[{"start":{"line":22,"column":8},"end":{"line":22,"column":30}},{"start":{"line":22,"column":34},"end":{"line":22,"column":55}}],"line":22},"2":{"loc":{"start":{"line":36,"column":4},"end":{"line":36,"column":40}},"type":"if","locations":[{"start":{"line":36,"column":4},"end":{"line":36,"column":40}},{"start":{},"end":{}}],"line":36},"3":{"loc":{"start":{"line":50,"column":4},"end":{"line":59,"column":5}},"type":"if","locations":[{"start":{"line":50,"column":4},"end":{"line":59,"column":5}},{"start":{},"end":{}}],"line":50},"4":{"loc":{"start":{"line":69,"column":4},"end":{"line":78,"column":5}},"type":"if","locations":[{"start":{"line":69,"column":4},"end":{"line":78,"column":5}},{"start":{},"end":{}}],"line":69},"5":{"loc":{"start":{"line":82,"column":4},"end":{"line":82,"column":44}},"type":"if","locations":[{"start":{"line":82,"column":4},"end":{"line":82,"column":44}},{"start":{},"end":{}}],"line":82},"6":{"loc":{"start":{"line":178,"column":19},"end":{"line":178,"column":71}},"type":"cond-expr","locations":[{"start":{"line":178,"column":46},"end":{"line":178,"column":60}},{"start":{"line":178,"column":63},"end":{"line":178,"column":71}}],"line":178},"7":{"loc":{"start":{"line":184,"column":19},"end":{"line":184,"column":73}},"type":"cond-expr","locations":[{"start":{"line":184,"column":48},"end":{"line":184,"column":62}},{"start":{"line":184,"column":65},"end":{"line":184,"column":73}}],"line":184},"8":{"loc":{"start":{"line":190,"column":19},"end":{"line":190,"column":72}},"type":"cond-expr","locations":[{"start":{"line":190,"column":47},"end":{"line":190,"column":61}},{"start":{"line":190,"column":64},"end":{"line":190,"column":72}}],"line":190},"9":{"loc":{"start":{"line":197,"column":9},"end":{"line":263,"column":9}},"type":"binary-expr","locations":[{"start":{"line":197,"column":9},"end":{"line":197,"column":33}},{"start":{"line":198,"column":10},"end":{"line":262,"column":16}}],"line":197},"10":{"loc":{"start":{"line":248,"column":17},"end":{"line":259,"column":17}},"type":"binary-expr","locations":[{"start":{"line":248,"column":17},"end":{"line":248,"column":41}},{"start":{"line":249,"column":18},"end":{"line":258,"column":27}}],"line":248},"11":{"loc":{"start":{"line":265,"column":9},"end":{"line":330,"column":9}},"type":"binary-expr","locations":[{"start":{"line":265,"column":9},"end":{"line":265,"column":35}},{"start":{"line":266,"column":10},"end":{"line":329,"column":16}}],"line":265},"12":{"loc":{"start":{"line":314,"column":37},"end":{"line":314,"column":63}},"type":"binary-expr","locations":[{"start":{"line":314,"column":37},"end":{"line":314,"column":50}},{"start":{"line":314,"column":54},"end":{"line":314,"column":63}}],"line":314},"13":{"loc":{"start":{"line":332,"column":9},"end":{"line":387,"column":9}},"type":"binary-expr","locations":[{"start":{"line":332,"column":9},"end":{"line":332,"column":34}},{"start":{"line":333,"column":10},"end":{"line":386,"column":16}}],"line":332},"14":{"loc":{"start":{"line":372,"column":17},"end":{"line":383,"column":17}},"type":"binary-expr","locations":[{"start":{"line":372,"column":17},"end":{"line":372,"column":45}},{"start":{"line":373,"column":18},"end":{"line":382,"column":27}}],"line":372}},"s":{"0":2,"1":40,"2":40,"3":40,"4":40,"5":40,"6":40,"7":40,"8":40,"9":2,"10":1,"11":1,"12":1,"13":1,"14":1,"15":40,"16":1,"17":0,"18":1,"19":2,"20":1,"21":1,"22":1,"23":2,"24":1,"25":1,"26":40,"27":2,"28":1,"29":1,"30":1,"31":1,"32":1,"33":40,"34":1,"35":2,"36":1,"37":1,"38":40,"39":2,"40":1,"41":1,"42":1,"43":1,"44":1,"45":40,"46":1,"47":0,"48":1,"49":2,"50":1,"51":1,"52":40,"53":40,"54":40,"55":40,"56":40,"57":40,"58":40,"59":40,"60":0,"61":5,"62":5,"63":1,"64":1,"65":1,"66":42,"67":1,"68":1,"69":1,"70":20,"71":18,"72":18,"73":18,"74":1,"75":1,"76":1,"77":17,"78":1},"f":{"0":40,"1":2,"2":1,"3":2,"4":2,"5":2,"6":1,"7":2,"8":2,"9":1,"10":2,"11":0,"12":5,"13":5,"14":1,"15":1,"16":1,"17":42,"18":1,"19":1,"20":1,"21":20,"22":18,"23":18,"24":1,"25":1,"26":1,"27":17,"28":1},"b":{"0":[1,1],"1":[2,1],"2":[0,1],"3":[1,1],"4":[1,1],"5":[0,1],"6":[22,18],"7":[9,31],"8":[9,31],"9":[40,22],"10":[42,20],"11":[40,9],"12":[18,0],"13":[40,9],"14":[17,8]},"_coverageSchema":"1a1c01bbd47fc00a2c39e90264f33305004495a9","hash":"d91733352e15e59b63aae101db693a1131a91553"}
,"D:\\genAI\\projects\\TaskTrek\\src\\components\\TaskCard.js": {"path":"D:\\genAI\\projects\\TaskTrek\\src\\components\\TaskCard.js","statementMap":{"0":{"start":{"line":4,"column":17},"end":{"line":231,"column":1}},"1":{"start":{"line":5,"column":19},"end":{"line":5,"column":40}},"2":{"start":{"line":6,"column":21},"end":{"line":6,"column":44}},"3":{"start":{"line":7,"column":20},"end":{"line":7,"column":42}},"4":{"start":{"line":9,"column":18},"end":{"line":9,"column":63}},"5":{"start":{"line":9,"column":39},"end":{"line":9,"column":62}},"6":{"start":{"line":10,"column":20},"end":{"line":10,"column":69}},"7":{"start":{"line":10,"column":43},"end":{"line":10,"column":68}},"8":{"start":{"line":11,"column":19},"end":{"line":11,"column":66}},"9":{"start":{"line":11,"column":41},"end":{"line":11,"column":65}},"10":{"start":{"line":13,"column":25},"end":{"line":30,"column":3}},"11":{"start":{"line":14,"column":4},"end":{"line":29,"column":5}},"12":{"start":{"line":16,"column":8},"end":{"line":16,"column":25}},"13":{"start":{"line":18,"column":8},"end":{"line":18,"column":25}},"14":{"start":{"line":20,"column":8},"end":{"line":20,"column":25}},"15":{"start":{"line":22,"column":8},"end":{"line":22,"column":25}},"16":{"start":{"line":24,"column":8},"end":{"line":24,"column":25}},"17":{"start":{"line":26,"column":8},"end":{"line":26,"column":25}},"18":{"start":{"line":28,"column":8},"end":{"line":28,"column":25}},"19":{"start":{"line":32,"column":22},"end":{"line":43,"column":3}},"20":{"start":{"line":33,"column":4},"end":{"line":42,"column":5}},"21":{"start":{"line":35,"column":8},"end":{"line":35,"column":20}},"22":{"start":{"line":37,"column":8},"end":{"line":37,"column":19}},"23":{"start":{"line":39,"column":8},"end":{"line":39,"column":20}},"24":{"start":{"line":41,"column":8},"end":{"line":41,"column":20}},"25":{"start":{"line":45,"column":25},"end":{"line":62,"column":3}},"26":{"start":{"line":46,"column":4},"end":{"line":61,"column":5}},"27":{"start":{"line":48,"column":8},"end":{"line":48,"column":24}},"28":{"start":{"line":50,"column":8},"end":{"line":50,"column":29}},"29":{"start":{"line":52,"column":8},"end":{"line":52,"column":29}},"30":{"start":{"line":54,"column":8},"end":{"line":54,"column":31}},"31":{"start":{"line":56,"column":8},"end":{"line":56,"column":27}},"32":{"start":{"line":58,"column":8},"end":{"line":58,"column":26}},"33":{"start":{"line":60,"column":8},"end":{"line":60,"column":22}},"34":{"start":{"line":64,"column":20},"end":{"line":72,"column":3}},"35":{"start":{"line":74,"column":22},"end":{"line":83,"column":3}},"36":{"start":{"line":85,"column":24},"end":{"line":95,"column":3}},"37":{"start":{"line":97,"column":21},"end":{"line":105,"column":3}},"38":{"start":{"line":107,"column":20},"end":{"line":111,"column":3}},"39":{"start":{"line":113,"column":2},"end":{"line":230,"column":4}},"40":{"start":{"line":155,"column":16},"end":{"line":157,"column":23}},"41":{"start":{"line":166,"column":29},"end":{"line":166,"column":68}},"42":{"start":{"line":185,"column":29},"end":{"line":185,"column":37}},"43":{"start":{"line":200,"column":27},"end":{"line":200,"column":39}},"44":{"start":{"line":214,"column":27},"end":{"line":214,"column":44}}},"fnMap":{"0":{"name":"(anonymous_0)","decl":{"start":{"line":4,"column":17},"end":{"line":4,"column":18}},"loc":{"start":{"line":4,"column":73},"end":{"line":231,"column":1}},"line":4},"1":{"name":"(anonymous_1)","decl":{"start":{"line":9,"column":32},"end":{"line":9,"column":33}},"loc":{"start":{"line":9,"column":39},"end":{"line":9,"column":62}},"line":9},"2":{"name":"(anonymous_2)","decl":{"start":{"line":10,"column":36},"end":{"line":10,"column":37}},"loc":{"start":{"line":10,"column":43},"end":{"line":10,"column":68}},"line":10},"3":{"name":"(anonymous_3)","decl":{"start":{"line":11,"column":34},"end":{"line":11,"column":35}},"loc":{"start":{"line":11,"column":41},"end":{"line":11,"column":65}},"line":11},"4":{"name":"(anonymous_4)","decl":{"start":{"line":13,"column":25},"end":{"line":13,"column":26}},"loc":{"start":{"line":13,"column":37},"end":{"line":30,"column":3}},"line":13},"5":{"name":"(anonymous_5)","decl":{"start":{"line":32,"column":22},"end":{"line":32,"column":23}},"loc":{"start":{"line":32,"column":32},"end":{"line":43,"column":3}},"line":32},"6":{"name":"(anonymous_6)","decl":{"start":{"line":45,"column":25},"end":{"line":45,"column":26}},"loc":{"start":{"line":45,"column":37},"end":{"line":62,"column":3}},"line":45},"7":{"name":"(anonymous_7)","decl":{"start":{"line":154,"column":31},"end":{"line":154,"column":32}},"loc":{"start":{"line":155,"column":16},"end":{"line":157,"column":23}},"line":155},"8":{"name":"(anonymous_8)","decl":{"start":{"line":166,"column":22},"end":{"line":166,"column":23}},"loc":{"start":{"line":166,"column":29},"end":{"line":166,"column":68}},"line":166},"9":{"name":"(anonymous_9)","decl":{"start":{"line":185,"column":23},"end":{"line":185,"column":24}},"loc":{"start":{"line":185,"column":29},"end":{"line":185,"column":37}},"line":185},"10":{"name":"(anonymous_10)","decl":{"start":{"line":200,"column":21},"end":{"line":200,"column":22}},"loc":{"start":{"line":200,"column":27},"end":{"line":200,"column":39}},"line":200},"11":{"name":"(anonymous_11)","decl":{"start":{"line":214,"column":21},"end":{"line":214,"column":22}},"loc":{"start":{"line":214,"column":27},"end":{"line":214,"column":44}},"line":214}},"branchMap":{"0":{"loc":{"start":{"line":14,"column":4},"end":{"line":29,"column":5}},"type":"switch","locations":[{"start":{"line":15,"column":6},"end":{"line":16,"column":25}},{"start":{"line":17,"column":6},"end":{"line":18,"column":25}},{"start":{"line":19,"column":6},"end":{"line":20,"column":25}},{"start":{"line":21,"column":6},"end":{"line":22,"column":25}},{"start":{"line":23,"column":6},"end":{"line":24,"column":25}},{"start":{"line":25,"column":6},"end":{"line":26,"column":25}},{"start":{"line":27,"column":6},"end":{"line":28,"column":25}}],"line":14},"1":{"loc":{"start":{"line":33,"column":4},"end":{"line":42,"column":5}},"type":"switch","locations":[{"start":{"line":34,"column":6},"end":{"line":35,"column":20}},{"start":{"line":36,"column":6},"end":{"line":37,"column":19}},{"start":{"line":38,"column":6},"end":{"line":39,"column":20}},{"start":{"line":40,"column":6},"end":{"line":41,"column":20}}],"line":33},"2":{"loc":{"start":{"line":46,"column":4},"end":{"line":61,"column":5}},"type":"switch","locations":[{"start":{"line":47,"column":6},"end":{"line":48,"column":24}},{"start":{"line":49,"column":6},"end":{"line":50,"column":29}},{"start":{"line":51,"column":6},"end":{"line":52,"column":29}},{"start":{"line":53,"column":6},"end":{"line":54,"column":31}},{"start":{"line":55,"column":6},"end":{"line":56,"column":27}},{"start":{"line":57,"column":6},"end":{"line":58,"column":26}},{"start":{"line":59,"column":6},"end":{"line":60,"column":22}}],"line":46},"3":{"loc":{"start":{"line":87,"column":6},"end":{"line":93,"column":23}},"type":"cond-expr","locations":[{"start":{"line":88,"column":10},"end":{"line":88,"column":19}},{"start":{"line":89,"column":10},"end":{"line":93,"column":23}}],"line":87},"4":{"loc":{"start":{"line":89,"column":10},"end":{"line":93,"column":23}},"type":"cond-expr","locations":[{"start":{"line":90,"column":12},"end":{"line":90,"column":21}},{"start":{"line":91,"column":12},"end":{"line":93,"column":23}}],"line":89},"5":{"loc":{"start":{"line":91,"column":12},"end":{"line":93,"column":23}},"type":"cond-expr","locations":[{"start":{"line":92,"column":14},"end":{"line":92,"column":23}},{"start":{"line":93,"column":14},"end":{"line":93,"column":23}}],"line":91},"6":{"loc":{"start":{"line":125,"column":40},"end":{"line":125,"column":61}},"type":"binary-expr","locations":[{"start":{"line":125,"column":40},"end":{"line":125,"column":52}},{"start":{"line":125,"column":56},"end":{"line":125,"column":61}}],"line":125},"7":{"loc":{"start":{"line":128,"column":18},"end":{"line":128,"column":46}},"type":"binary-expr","locations":[{"start":{"line":128,"column":18},"end":{"line":128,"column":33}},{"start":{"line":128,"column":37},"end":{"line":128,"column":46}}],"line":128},"8":{"loc":{"start":{"line":131,"column":18},"end":{"line":131,"column":48}},"type":"binary-expr","locations":[{"start":{"line":131,"column":18},"end":{"line":131,"column":32}},{"start":{"line":131,"column":36},"end":{"line":131,"column":48}}],"line":131},"9":{"loc":{"start":{"line":152,"column":11},"end":{"line":160,"column":11}},"type":"binary-expr","locations":[{"start":{"line":152,"column":11},"end":{"line":152,"column":22}},{"start":{"line":152,"column":26},"end":{"line":152,"column":48}},{"start":{"line":153,"column":12},"end":{"line":159,"column":18}}],"line":152},"10":{"loc":{"start":{"line":183,"column":11},"end":{"line":198,"column":11}},"type":"binary-expr","locations":[{"start":{"line":183,"column":11},"end":{"line":183,"column":17}},{"start":{"line":184,"column":12},"end":{"line":197,"column":21}}],"line":183}},"s":{"0":2,"1":108,"2":108,"3":108,"4":108,"5":109,"6":108,"7":109,"8":108,"9":109,"10":108,"11":108,"12":27,"13":51,"14":1,"15":1,"16":1,"17":26,"18":1,"19":108,"20":108,"21":1,"22":28,"23":1,"24":78,"25":108,"26":108,"27":27,"28":51,"29":1,"30":1,"31":1,"32":26,"33":1,"34":108,"35":108,"36":108,"37":108,"38":108,"39":108,"40":56,"41":2,"42":1,"43":3,"44":2},"f":{"0":108,"1":109,"2":109,"3":109,"4":108,"5":108,"6":108,"7":56,"8":2,"9":1,"10":3,"11":2},"b":{"0":[27,51,1,1,1,26,1],"1":[1,28,1,78],"2":[27,51,1,1,1,26,1],"3":[1,107],"4":[52,55],"5":[28,27],"6":[108,79],"7":[108,78],"8":[108,78],"9":[108,31,28],"10":[108,79]},"_coverageSchema":"1a1c01bbd47fc00a2c39e90264f33305004495a9","hash":"4d57abbf930f90c39058ddbabb2ffd96a19d65ac"}
,"D:\\genAI\\projects\\TaskTrek\\src\\components\\TaskDetail.js": {"path":"D:\\genAI\\projects\\TaskTrek\\src\\components\\TaskDetail.js","statementMap":{"0":{"start":{"line":5,"column":19},"end":{"line":545,"column":1}},"1":{"start":{"line":6,"column":26},"end":{"line":6,"column":40}},"2":{"start":{"line":7,"column":34},"end":{"line":7,"column":46}},"3":{"start":{"line":8,"column":34},"end":{"line":8,"column":46}},"4":{"start":{"line":9,"column":32},"end":{"line":9,"column":44}},"5":{"start":{"line":10,"column":38},"end":{"line":10,"column":50}},"6":{"start":{"line":11,"column":36},"end":{"line":11,"column":51}},"7":{"start":{"line":12,"column":34},"end":{"line":12,"column":46}},"8":{"start":{"line":13,"column":48},"end":{"line":13,"column":60}},"9":{"start":{"line":14,"column":38},"end":{"line":14,"column":50}},"10":{"start":{"line":16,"column":19},"end":{"line":16,"column":40}},"11":{"start":{"line":17,"column":21},"end":{"line":17,"column":44}},"12":{"start":{"line":18,"column":20},"end":{"line":18,"column":42}},"13":{"start":{"line":20,"column":2},"end":{"line":30,"column":15}},"14":{"start":{"line":21,"column":18},"end":{"line":21,"column":36}},"15":{"start":{"line":22,"column":22},"end":{"line":22,"column":56}},"16":{"start":{"line":22,"column":40},"end":{"line":22,"column":55}},"17":{"start":{"line":23,"column":4},"end":{"line":29,"column":5}},"18":{"start":{"line":24,"column":6},"end":{"line":24,"column":25}},"19":{"start":{"line":25,"column":6},"end":{"line":25,"column":29}},"20":{"start":{"line":26,"column":6},"end":{"line":26,"column":47}},"21":{"start":{"line":27,"column":6},"end":{"line":27,"column":47}},"22":{"start":{"line":28,"column":6},"end":{"line":28,"column":49}},"23":{"start":{"line":32,"column":21},"end":{"line":50,"column":3}},"24":{"start":{"line":33,"column":4},"end":{"line":33,"column":35}},"25":{"start":{"line":33,"column":28},"end":{"line":33,"column":35}},"26":{"start":{"line":35,"column":20},"end":{"line":40,"column":5}},"27":{"start":{"line":42,"column":28},"end":{"line":42,"column":50}},"28":{"start":{"line":43,"column":4},"end":{"line":43,"column":33}},"29":{"start":{"line":44,"column":4},"end":{"line":44,"column":50}},"30":{"start":{"line":47,"column":4},"end":{"line":47,"column":75}},"31":{"start":{"line":49,"column":4},"end":{"line":49,"column":22}},"32":{"start":{"line":52,"column":21},"end":{"line":79,"column":3}},"33":{"start":{"line":53,"column":4},"end":{"line":56,"column":5}},"34":{"start":{"line":54,"column":6},"end":{"line":54,"column":41}},"35":{"start":{"line":55,"column":6},"end":{"line":55,"column":13}},"36":{"start":{"line":58,"column":4},"end":{"line":61,"column":5}},"37":{"start":{"line":59,"column":6},"end":{"line":59,"column":58}},"38":{"start":{"line":60,"column":6},"end":{"line":60,"column":13}},"39":{"start":{"line":63,"column":4},"end":{"line":66,"column":5}},"40":{"start":{"line":63,"column":29},"end":{"line":63,"column":56}},"41":{"start":{"line":64,"column":6},"end":{"line":64,"column":64}},"42":{"start":{"line":65,"column":6},"end":{"line":65,"column":13}},"43":{"start":{"line":68,"column":23},"end":{"line":72,"column":5}},"44":{"start":{"line":74,"column":28},"end":{"line":74,"column":53}},"45":{"start":{"line":75,"column":4},"end":{"line":75,"column":33}},"46":{"start":{"line":76,"column":4},"end":{"line":76,"column":50}},"47":{"start":{"line":77,"column":4},"end":{"line":77,"column":27}},"48":{"start":{"line":78,"column":4},"end":{"line":78,"column":22}},"49":{"start":{"line":81,"column":24},"end":{"line":85,"column":3}},"50":{"start":{"line":82,"column":28},"end":{"line":82,"column":70}},"51":{"start":{"line":82,"column":51},"end":{"line":82,"column":69}},"52":{"start":{"line":83,"column":4},"end":{"line":83,"column":33}},"53":{"start":{"line":84,"column":4},"end":{"line":84,"column":50}},"54":{"start":{"line":87,"column":19},"end":{"line":115,"column":3}},"55":{"start":{"line":88,"column":18},"end":{"line":88,"column":36}},"56":{"start":{"line":89,"column":25},"end":{"line":91,"column":5}},"57":{"start":{"line":90,"column":6},"end":{"line":90,"column":80}},"58":{"start":{"line":94,"column":25},"end":{"line":101,"column":5}},"59":{"start":{"line":103,"column":27},"end":{"line":103,"column":53}},"60":{"start":{"line":104,"column":4},"end":{"line":104,"column":31}},"61":{"start":{"line":105,"column":4},"end":{"line":105,"column":52}},"62":{"start":{"line":107,"column":4},"end":{"line":107,"column":36}},"63":{"start":{"line":108,"column":4},"end":{"line":108,"column":22}},"64":{"start":{"line":109,"column":4},"end":{"line":109,"column":24}},"65":{"start":{"line":112,"column":4},"end":{"line":112,"column":74}},"66":{"start":{"line":114,"column":4},"end":{"line":114,"column":15}},"67":{"start":{"line":117,"column":2},"end":{"line":117,"column":25}},"68":{"start":{"line":117,"column":13},"end":{"line":117,"column":25}},"69":{"start":{"line":119,"column":18},"end":{"line":119,"column":63}},"70":{"start":{"line":119,"column":39},"end":{"line":119,"column":62}},"71":{"start":{"line":120,"column":20},"end":{"line":120,"column":69}},"72":{"start":{"line":120,"column":43},"end":{"line":120,"column":68}},"73":{"start":{"line":121,"column":19},"end":{"line":121,"column":66}},"74":{"start":{"line":121,"column":41},"end":{"line":121,"column":65}},"75":{"start":{"line":123,"column":21},"end":{"line":134,"column":3}},"76":{"start":{"line":136,"column":23},"end":{"line":144,"column":3}},"77":{"start":{"line":146,"column":2},"end":{"line":544,"column":4}},"78":{"start":{"line":184,"column":20},"end":{"line":184,"column":71}},"79":{"start":{"line":196,"column":20},"end":{"line":196,"column":77}},"80":{"start":{"line":219,"column":33},"end":{"line":219,"column":52}},"81":{"start":{"line":236,"column":33},"end":{"line":236,"column":51}},"82":{"start":{"line":255,"column":35},"end":{"line":255,"column":64}},"83":{"start":{"line":279,"column":16},"end":{"line":293,"column":22}},"84":{"start":{"line":316,"column":40},"end":{"line":320,"column":21}},"85":{"start":{"line":321,"column":20},"end":{"line":321,"column":41}},"86":{"start":{"line":322,"column":34},"end":{"line":322,"column":52}},"87":{"start":{"line":323,"column":41},"end":{"line":325,"column":21}},"88":{"start":{"line":324,"column":22},"end":{"line":324,"column":55}},"89":{"start":{"line":326,"column":20},"end":{"line":326,"column":52}},"90":{"start":{"line":327,"column":20},"end":{"line":327,"column":31}},"91":{"start":{"line":344,"column":40},"end":{"line":348,"column":21}},"92":{"start":{"line":349,"column":20},"end":{"line":349,"column":41}},"93":{"start":{"line":350,"column":34},"end":{"line":350,"column":52}},"94":{"start":{"line":351,"column":41},"end":{"line":353,"column":21}},"95":{"start":{"line":352,"column":22},"end":{"line":352,"column":55}},"96":{"start":{"line":354,"column":20},"end":{"line":354,"column":52}},"97":{"start":{"line":355,"column":20},"end":{"line":355,"column":31}},"98":{"start":{"line":370,"column":40},"end":{"line":374,"column":21}},"99":{"start":{"line":375,"column":20},"end":{"line":375,"column":41}},"100":{"start":{"line":376,"column":34},"end":{"line":376,"column":52}},"101":{"start":{"line":377,"column":41},"end":{"line":379,"column":21}},"102":{"start":{"line":378,"column":22},"end":{"line":378,"column":55}},"103":{"start":{"line":380,"column":20},"end":{"line":380,"column":52}},"104":{"start":{"line":381,"column":20},"end":{"line":381,"column":31}},"105":{"start":{"line":386,"column":20},"end":{"line":388,"column":29}},"106":{"start":{"line":397,"column":40},"end":{"line":401,"column":21}},"107":{"start":{"line":402,"column":20},"end":{"line":402,"column":41}},"108":{"start":{"line":403,"column":34},"end":{"line":403,"column":52}},"109":{"start":{"line":404,"column":41},"end":{"line":406,"column":21}},"110":{"start":{"line":405,"column":22},"end":{"line":405,"column":55}},"111":{"start":{"line":407,"column":20},"end":{"line":407,"column":52}},"112":{"start":{"line":408,"column":20},"end":{"line":408,"column":31}},"113":{"start":{"line":413,"column":20},"end":{"line":415,"column":29}},"114":{"start":{"line":446,"column":20},"end":{"line":446,"column":55}},"115":{"start":{"line":447,"column":20},"end":{"line":447,"column":38}},"116":{"start":{"line":482,"column":16},"end":{"line":513,"column":22}},"117":{"start":{"line":501,"column":35},"end":{"line":501,"column":60}},"118":{"start":{"line":526,"column":16},"end":{"line":537,"column":22}}},"fnMap":{"0":{"name":"(anonymous_0)","decl":{"start":{"line":5,"column":19},"end":{"line":5,"column":20}},"loc":{"start":{"line":5,"column":54},"end":{"line":545,"column":1}},"line":5},"1":{"name":"(anonymous_1)","decl":{"start":{"line":20,"column":12},"end":{"line":20,"column":13}},"loc":{"start":{"line":20,"column":18},"end":{"line":30,"column":3}},"line":20},"2":{"name":"(anonymous_2)","decl":{"start":{"line":22,"column":33},"end":{"line":22,"column":34}},"loc":{"start":{"line":22,"column":40},"end":{"line":22,"column":55}},"line":22},"3":{"name":"(anonymous_3)","decl":{"start":{"line":32,"column":21},"end":{"line":32,"column":22}},"loc":{"start":{"line":32,"column":27},"end":{"line":50,"column":3}},"line":32},"4":{"name":"(anonymous_4)","decl":{"start":{"line":52,"column":21},"end":{"line":52,"column":22}},"loc":{"start":{"line":52,"column":27},"end":{"line":79,"column":3}},"line":52},"5":{"name":"(anonymous_5)","decl":{"start":{"line":63,"column":22},"end":{"line":63,"column":23}},"loc":{"start":{"line":63,"column":29},"end":{"line":63,"column":56}},"line":63},"6":{"name":"(anonymous_6)","decl":{"start":{"line":81,"column":24},"end":{"line":81,"column":25}},"loc":{"start":{"line":81,"column":39},"end":{"line":85,"column":3}},"line":81},"7":{"name":"(anonymous_7)","decl":{"start":{"line":82,"column":44},"end":{"line":82,"column":45}},"loc":{"start":{"line":82,"column":51},"end":{"line":82,"column":69}},"line":82},"8":{"name":"(anonymous_8)","decl":{"start":{"line":87,"column":19},"end":{"line":87,"column":20}},"loc":{"start":{"line":87,"column":25},"end":{"line":115,"column":3}},"line":87},"9":{"name":"(anonymous_9)","decl":{"start":{"line":89,"column":35},"end":{"line":89,"column":36}},"loc":{"start":{"line":90,"column":6},"end":{"line":90,"column":80}},"line":90},"10":{"name":"(anonymous_10)","decl":{"start":{"line":119,"column":32},"end":{"line":119,"column":33}},"loc":{"start":{"line":119,"column":39},"end":{"line":119,"column":62}},"line":119},"11":{"name":"(anonymous_11)","decl":{"start":{"line":120,"column":36},"end":{"line":120,"column":37}},"loc":{"start":{"line":120,"column":43},"end":{"line":120,"column":68}},"line":120},"12":{"name":"(anonymous_12)","decl":{"start":{"line":121,"column":34},"end":{"line":121,"column":35}},"loc":{"start":{"line":121,"column":41},"end":{"line":121,"column":65}},"line":121},"13":{"name":"(anonymous_13)","decl":{"start":{"line":183,"column":28},"end":{"line":183,"column":29}},"loc":{"start":{"line":184,"column":20},"end":{"line":184,"column":71}},"line":184},"14":{"name":"(anonymous_14)","decl":{"start":{"line":195,"column":28},"end":{"line":195,"column":29}},"loc":{"start":{"line":196,"column":20},"end":{"line":196,"column":77}},"line":196},"15":{"name":"(anonymous_15)","decl":{"start":{"line":219,"column":27},"end":{"line":219,"column":28}},"loc":{"start":{"line":219,"column":33},"end":{"line":219,"column":52}},"line":219},"16":{"name":"(anonymous_16)","decl":{"start":{"line":236,"column":27},"end":{"line":236,"column":28}},"loc":{"start":{"line":236,"column":33},"end":{"line":236,"column":51}},"line":236},"17":{"name":"(anonymous_17)","decl":{"start":{"line":255,"column":28},"end":{"line":255,"column":29}},"loc":{"start":{"line":255,"column":35},"end":{"line":255,"column":64}},"line":255},"18":{"name":"(anonymous_18)","decl":{"start":{"line":278,"column":28},"end":{"line":278,"column":29}},"loc":{"start":{"line":279,"column":16},"end":{"line":293,"column":22}},"line":279},"19":{"name":"(anonymous_19)","decl":{"start":{"line":315,"column":28},"end":{"line":315,"column":29}},"loc":{"start":{"line":315,"column":35},"end":{"line":328,"column":19}},"line":315},"20":{"name":"(anonymous_20)","decl":{"start":{"line":323,"column":51},"end":{"line":323,"column":52}},"loc":{"start":{"line":324,"column":22},"end":{"line":324,"column":55}},"line":324},"21":{"name":"(anonymous_21)","decl":{"start":{"line":343,"column":28},"end":{"line":343,"column":29}},"loc":{"start":{"line":343,"column":35},"end":{"line":356,"column":19}},"line":343},"22":{"name":"(anonymous_22)","decl":{"start":{"line":351,"column":51},"end":{"line":351,"column":52}},"loc":{"start":{"line":352,"column":22},"end":{"line":352,"column":55}},"line":352},"23":{"name":"(anonymous_23)","decl":{"start":{"line":369,"column":28},"end":{"line":369,"column":29}},"loc":{"start":{"line":369,"column":35},"end":{"line":382,"column":19}},"line":369},"24":{"name":"(anonymous_24)","decl":{"start":{"line":377,"column":51},"end":{"line":377,"column":52}},"loc":{"start":{"line":378,"column":22},"end":{"line":378,"column":55}},"line":378},"25":{"name":"(anonymous_25)","decl":{"start":{"line":385,"column":34},"end":{"line":385,"column":35}},"loc":{"start":{"line":386,"column":20},"end":{"line":388,"column":29}},"line":386},"26":{"name":"(anonymous_26)","decl":{"start":{"line":396,"column":28},"end":{"line":396,"column":29}},"loc":{"start":{"line":396,"column":35},"end":{"line":409,"column":19}},"line":396},"27":{"name":"(anonymous_27)","decl":{"start":{"line":404,"column":51},"end":{"line":404,"column":52}},"loc":{"start":{"line":405,"column":22},"end":{"line":405,"column":55}},"line":405},"28":{"name":"(anonymous_28)","decl":{"start":{"line":412,"column":33},"end":{"line":412,"column":34}},"loc":{"start":{"line":413,"column":20},"end":{"line":415,"column":29}},"line":413},"29":{"name":"(anonymous_29)","decl":{"start":{"line":445,"column":28},"end":{"line":445,"column":29}},"loc":{"start":{"line":445,"column":35},"end":{"line":448,"column":19}},"line":445},"30":{"name":"(anonymous_30)","decl":{"start":{"line":481,"column":28},"end":{"line":481,"column":29}},"loc":{"start":{"line":482,"column":16},"end":{"line":513,"column":22}},"line":482},"31":{"name":"(anonymous_31)","decl":{"start":{"line":501,"column":29},"end":{"line":501,"column":30}},"loc":{"start":{"line":501,"column":35},"end":{"line":501,"column":60}},"line":501},"32":{"name":"(anonymous_32)","decl":{"start":{"line":525,"column":27},"end":{"line":525,"column":28}},"loc":{"start":{"line":526,"column":16},"end":{"line":537,"column":22}},"line":526}},"branchMap":{"0":{"loc":{"start":{"line":23,"column":4},"end":{"line":29,"column":5}},"type":"if","locations":[{"start":{"line":23,"column":4},"end":{"line":29,"column":5}},{"start":{},"end":{}}],"line":23},"1":{"loc":{"start":{"line":33,"column":4},"end":{"line":33,"column":35}},"type":"if","locations":[{"start":{"line":33,"column":4},"end":{"line":33,"column":35}},{"start":{},"end":{}}],"line":33},"2":{"loc":{"start":{"line":53,"column":4},"end":{"line":56,"column":5}},"type":"if","locations":[{"start":{"line":53,"column":4},"end":{"line":56,"column":5}},{"start":{},"end":{}}],"line":53},"3":{"loc":{"start":{"line":58,"column":4},"end":{"line":61,"column":5}},"type":"if","locations":[{"start":{"line":58,"column":4},"end":{"line":61,"column":5}},{"start":{},"end":{}}],"line":58},"4":{"loc":{"start":{"line":63,"column":4},"end":{"line":66,"column":5}},"type":"if","locations":[{"start":{"line":63,"column":4},"end":{"line":66,"column":5}},{"start":{},"end":{}}],"line":63},"5":{"loc":{"start":{"line":90,"column":6},"end":{"line":90,"column":80}},"type":"cond-expr","locations":[{"start":{"line":90,"column":24},"end":{"line":90,"column":76}},{"start":{"line":90,"column":79},"end":{"line":90,"column":80}}],"line":90},"6":{"loc":{"start":{"line":117,"column":2},"end":{"line":117,"column":25}},"type":"if","locations":[{"start":{"line":117,"column":2},"end":{"line":117,"column":25}},{"start":{},"end":{}}],"line":117},"7":{"loc":{"start":{"line":179,"column":13},"end":{"line":248,"column":13}},"type":"cond-expr","locations":[{"start":{"line":180,"column":14},"end":{"line":230,"column":20}},{"start":{"line":232,"column":14},"end":{"line":247,"column":20}}],"line":179},"8":{"loc":{"start":{"line":324,"column":22},"end":{"line":324,"column":55}},"type":"cond-expr","locations":[{"start":{"line":324,"column":40},"end":{"line":324,"column":51}},{"start":{"line":324,"column":54},"end":{"line":324,"column":55}}],"line":324},"9":{"loc":{"start":{"line":352,"column":22},"end":{"line":352,"column":55}},"type":"cond-expr","locations":[{"start":{"line":352,"column":40},"end":{"line":352,"column":51}},{"start":{"line":352,"column":54},"end":{"line":352,"column":55}}],"line":352},"10":{"loc":{"start":{"line":378,"column":22},"end":{"line":378,"column":55}},"type":"cond-expr","locations":[{"start":{"line":378,"column":40},"end":{"line":378,"column":51}},{"start":{"line":378,"column":54},"end":{"line":378,"column":55}}],"line":378},"11":{"loc":{"start":{"line":405,"column":22},"end":{"line":405,"column":55}},"type":"cond-expr","locations":[{"start":{"line":405,"column":40},"end":{"line":405,"column":51}},{"start":{"line":405,"column":54},"end":{"line":405,"column":55}}],"line":405},"12":{"loc":{"start":{"line":469,"column":17},"end":{"line":479,"column":17}},"type":"binary-expr","locations":[{"start":{"line":469,"column":17},"end":{"line":469,"column":27}},{"start":{"line":470,"column":18},"end":{"line":478,"column":24}}],"line":469}},"s":{"0":2,"1":59,"2":59,"3":59,"4":59,"5":59,"6":59,"7":59,"8":59,"9":59,"10":59,"11":59,"12":59,"13":59,"14":19,"15":19,"16":19,"17":19,"18":18,"19":18,"20":18,"21":18,"22":18,"23":59,"24":2,"25":1,"26":1,"27":1,"28":1,"29":1,"30":1,"31":1,"32":59,"33":4,"34":2,"35":2,"36":2,"37":1,"38":1,"39":1,"40":1,"41":1,"42":1,"43":0,"44":0,"45":0,"46":0,"47":0,"48":0,"49":59,"50":1,"51":1,"52":1,"53":1,"54":59,"55":2,"56":2,"57":2,"58":2,"59":2,"60":2,"61":2,"62":2,"63":2,"64":2,"65":2,"66":2,"67":59,"68":19,"69":40,"70":40,"71":40,"72":40,"73":40,"74":40,"75":40,"76":40,"77":40,"78":1,"79":1,"80":1,"81":3,"82":1,"83":7,"84":1,"85":1,"86":1,"87":1,"88":1,"89":1,"90":1,"91":1,"92":1,"93":1,"94":1,"95":1,"96":1,"97":1,"98":1,"99":1,"100":1,"101":1,"102":1,"103":1,"104":1,"105":80,"106":1,"107":1,"108":1,"109":1,"110":1,"111":1,"112":1,"113":80,"114":3,"115":3,"116":24,"117":1,"118":7},"f":{"0":59,"1":19,"2":19,"3":2,"4":4,"5":1,"6":1,"7":1,"8":2,"9":2,"10":40,"11":40,"12":40,"13":1,"14":1,"15":1,"16":3,"17":1,"18":7,"19":1,"20":1,"21":1,"22":1,"23":1,"24":1,"25":80,"26":1,"27":1,"28":80,"29":3,"30":24,"31":1,"32":7},"b":{"0":[18,1],"1":[1,1],"2":[2,2],"3":[1,1],"4":[1,0],"5":[2,0],"6":[19,40],"7":[5,35],"8":[1,0],"9":[1,0],"10":[1,0],"11":[1,0],"12":[40,4]},"_coverageSchema":"1a1c01bbd47fc00a2c39e90264f33305004495a9","hash":"7a2d813c179e061353691631810bb2d8f6134748"}
[...]
start":{"line":247,"column":14},"end":{"line":247,"column":67}},"47":{"start":{"line":264,"column":12},"end":{"line":270,"column":19}},"48":{"start":{"line":267,"column":29},"end":{"line":267,"column":47}}},"fnMap":{"0":{"name":"(anonymous_0)","decl":{"start":{"line":4,"column":17},"end":{"line":4,"column":18}},"loc":{"start":{"line":4,"column":49},"end":{"line":298,"column":1}},"line":4},"1":{"name":"(anonymous_1)","decl":{"start":{"line":22,"column":12},"end":{"line":22,"column":13}},"loc":{"start":{"line":22,"column":18},"end":{"line":29,"column":3}},"line":22},"2":{"name":"(anonymous_2)","decl":{"start":{"line":31,"column":23},"end":{"line":31,"column":24}},"loc":{"start":{"line":31,"column":30},"end":{"line":71,"column":3}},"line":31},"3":{"name":"(anonymous_3)","decl":{"start":{"line":73,"column":19},"end":{"line":73,"column":20}},"loc":{"start":{"line":73,"column":25},"end":{"line":84,"column":3}},"line":73},"4":{"name":"(anonymous_4)","decl":{"start":{"line":86,"column":22},"end":{"line":86,"column":23}},"loc":{"start":{"line":86,"column":41},"end":{"line":93,"column":3}},"line":86},"5":{"name":"(anonymous_5)","decl":{"start":{"line":90,"column":8},"end":{"line":90,"column":9}},"loc":{"start":{"line":90,"column":19},"end":{"line":90,"column":42}},"line":90},"6":{"name":"(anonymous_6)","decl":{"start":{"line":139,"column":18},"end":{"line":139,"column":19}},"loc":{"start":{"line":139,"column":25},"end":{"line":139,"column":76}},"line":139},"7":{"name":"(anonymous_7)","decl":{"start":{"line":147,"column":18},"end":{"line":147,"column":19}},"loc":{"start":{"line":148,"column":10},"end":{"line":148,"column":67}},"line":148},"8":{"name":"(anonymous_8)","decl":{"start":{"line":156,"column":20},"end":{"line":156,"column":21}},"loc":{"start":{"line":157,"column":12},"end":{"line":157,"column":67}},"line":157},"9":{"name":"(anonymous_9)","decl":{"start":{"line":161,"column":24},"end":{"line":161,"column":25}},"loc":{"start":{"line":162,"column":12},"end":{"line":164,"column":21}},"line":162},"10":{"name":"(anonymous_10)","decl":{"start":{"line":170,"column":20},"end":{"line":170,"column":21}},"loc":{"start":{"line":170,"column":27},"end":{"line":170,"column":77}},"line":170},"11":{"name":"(anonymous_11)","decl":{"start":{"line":182,"column":20},"end":{"line":182,"column":21}},"loc":{"start":{"line":183,"column":12},"end":{"line":183,"column":66}},"line":183},"12":{"name":"(anonymous_12)","decl":{"start":{"line":194,"column":20},"end":{"line":194,"column":21}},"loc":{"start":{"line":194,"column":27},"end":{"line":194,"column":79}},"line":194},"13":{"name":"(anonymous_13)","decl":{"start":{"line":209,"column":20},"end":{"line":209,"column":21}},"loc":{"start":{"line":210,"column":12},"end":{"line":210,"column":69}},"line":210},"14":{"name":"(anonymous_14)","decl":{"start":{"line":215,"column":20},"end":{"line":215,"column":21}},"loc":{"start":{"line":215,"column":27},"end":{"line":215,"column":61}},"line":215},"15":{"name":"(anonymous_15)","decl":{"start":{"line":216,"column":17},"end":{"line":216,"column":18}},"loc":{"start":{"line":217,"column":14},"end":{"line":219,"column":23}},"line":217},"16":{"name":"(anonymous_16)","decl":{"start":{"line":225,"column":20},"end":{"line":225,"column":21}},"loc":{"start":{"line":226,"column":12},"end":{"line":226,"column":68}},"line":226},"17":{"name":"(anonymous_17)","decl":{"start":{"line":230,"column":25},"end":{"line":230,"column":26}},"loc":{"start":{"line":231,"column":12},"end":{"line":233,"column":21}},"line":231},"18":{"name":"(anonymous_18)","decl":{"start":{"line":244,"column":22},"end":{"line":244,"column":23}},"loc":{"start":{"line":244,"column":29},"end":{"line":244,"column":58}},"line":244},"19":{"name":"(anonymous_19)","decl":{"start":{"line":246,"column":24},"end":{"line":246,"column":25}},"loc":{"start":{"line":247,"column":14},"end":{"line":247,"column":67}},"line":247},"20":{"name":"(anonymous_20)","decl":{"start":{"line":263,"column":39},"end":{"line":263,"column":40}},"loc":{"start":{"line":264,"column":12},"end":{"line":270,"column":19}},"line":264},"21":{"name":"(anonymous_21)","decl":{"start":{"line":267,"column":23},"end":{"line":267,"column":24}},"loc":{"start":{"line":267,"column":29},"end":{"line":267,"column":47}},"line":267}},"branchMap":{"0":{"loc":{"start":{"line":23,"column":4},"end":{"line":28,"column":5}},"type":"if","locations":[{"start":{"line":23,"column":4},"end":{"line":28,"column":5}},{"start":{},"end":{}}],"line":23},"1":{"loc":{"start":{"line":26,"column":16},"end":{"line":26,"column":33}},"type":"binary-expr","locations":[{"start":{"line":26,"column":16},"end":{"line":26,"column":27}},{"start":{"line":26,"column":31},"end":{"line":26,"column":33}}],"line":26},"2":{"loc":{"start":{"line":33,"column":4},"end":{"line":33,"column":39}},"type":"if","locations":[{"start":{"line":33,"column":4},"end":{"line":33,"column":39}},{"start":{},"end":{}}],"line":33},"3":{"loc":{"start":{"line":37,"column":10},"end":{"line":37,"column":43}},"type":"binary-expr","locations":[{"start":{"line":37,"column":10},"end":{"line":37,"column":18}},{"start":{"line":37,"column":22},"end":{"line":37,"column":43}}],"line":37},"4":{"loc":{"start":{"line":38,"column":17},"end":{"line":38,"column":60}},"type":"binary-expr","locations":[{"start":{"line":38,"column":17},"end":{"line":38,"column":32}},{"start":{"line":38,"column":36},"end":{"line":38,"column":60}}],"line":38},"5":{"loc":{"start":{"line":43,"column":4},"end":{"line":54,"column":5}},"type":"if","locations":[{"start":{"line":43,"column":4},"end":{"line":54,"column":5}},{"start":{},"end":{}}],"line":43},"6":{"loc":{"start":{"line":58,"column":4},"end":{"line":70,"column":5}},"type":"if","locations":[{"start":{"line":58,"column":4},"end":{"line":70,"column":5}},{"start":{},"end":{}}],"line":58},"7":{"loc":{"start":{"line":74,"column":4},"end":{"line":83,"column":5}},"type":"if","locations":[{"start":{"line":74,"column":4},"end":{"line":83,"column":5}},{"start":{},"end":{}}],"line":74},"8":{"loc":{"start":{"line":75,"column":6},"end":{"line":76,"column":58}},"type":"binary-expr","locations":[{"start":{"line":75,"column":6},"end":{"line":75,"column":23}},{"start":{"line":76,"column":6},"end":{"line":76,"column":58}}],"line":75},"9":{"loc":{"start":{"line":76,"column":8},"end":{"line":76,"column":29}},"type":"binary-expr","locations":[{"start":{"line":76,"column":8},"end":{"line":76,"column":23}},{"start":{"line":76,"column":27},"end":{"line":76,"column":29}}],"line":76},"10":{"loc":{"start":{"line":80,"column":21},"end":{"line":80,"column":42}},"type":"binary-expr","locations":[{"start":{"line":80,"column":21},"end":{"line":80,"column":36}},{"start":{"line":80,"column":40},"end":{"line":80,"column":42}}],"line":80},"11":{"loc":{"start":{"line":89,"column":15},"end":{"line":89,"column":36}},"type":"binary-expr","locations":[{"start":{"line":89,"column":15},"end":{"line":89,"column":30}},{"start":{"line":89,"column":34},"end":{"line":89,"column":36}}],"line":89},"12":{"loc":{"start":{"line":133,"column":36},"end":{"line":133,"column":74}},"type":"cond-expr","locations":[{"start":{"line":133,"column":43},"end":{"line":133,"column":54}},{"start":{"line":133,"column":57},"end":{"line":133,"column":74}}],"line":133},"13":{"loc":{"start":{"line":247,"column":14},"end":{"line":247,"column":67}},"type":"binary-expr","locations":[{"start":{"line":247,"column":14},"end":{"line":247,"column":31}},{"start":{"line":247,"column":36},"end":{"line":247,"column":66}}],"line":247},"14":{"loc":{"start":{"line":263,"column":12},"end":{"line":263,"column":33}},"type":"binary-expr","locations":[{"start":{"line":263,"column":12},"end":{"line":263,"column":27}},{"start":{"line":263,"column":31},"end":{"line":263,"column":33}}],"line":263},"15":{"loc":{"start":{"line":280,"column":11},"end":{"line":280,"column":47}},"type":"cond-expr","locations":[{"start":{"line":280,"column":18},"end":{"line":280,"column":31}},{"start":{"line":280,"column":34},"end":{"line":280,"column":47}}],"line":280},"16":{"loc":{"start":{"line":282,"column":9},"end":{"line":294,"column":9}},"type":"binary-expr","locations":[{"start":{"line":282,"column":9},"end":{"line":282,"column":13}},{"start":{"line":283,"column":10},"end":{"line":293,"column":19}}],"line":282}},"s":{"0":2,"1":100,"2":100,"3":100,"4":100,"5":100,"6":100,"7":38,"8":7,"9":100,"10":7,"11":7,"12":2,"13":5,"14":5,"15":2,"16":2,"17":2,"18":5,"19":5,"20":3,"21":100,"22":6,"23":3,"24":3,"25":100,"26":1,"27":1,"28":100,"29":100,"30":100,"31":100,"32":100,"33":7,"34":3,"35":0,"36":100,"37":1,"38":2,"39":2,"40":0,"41":100,"42":95,"43":0,"44":100,"45":6,"46":0,"47":10,"48":1},"f":{"0":100,"1":38,"2":7,"3":6,"4":1,"5":1,"6":7,"7":3,"8":0,"9":100,"10":1,"11":2,"12":2,"13":0,"14":100,"15":95,"16":0,"17":100,"18":6,"19":0,"20":10,"21":1},"b":{"0":[7,31],"1":[7,2],"2":[2,5],"3":[5,3],"4":[5,3],"5":[2,3],"6":[3,2],"7":[3,3],"8":[6,4],"9":[4,0],"10":[3,0],"11":[1,0],"12":[16,84],"13":[0,0],"14":[100,0],"15":[16,84],"16":[100,16]},"_coverageSchema":"1a1c01bbd47fc00a2c39e90264f33305004495a9","hash":"5bb733b5cd1823b331bc7f18b119c7ab5c43382c"}
,"D:\\genAI\\projects\\TaskTrek\\src\\utils\\notifications.js": {"path":"D:\\genAI\\projects\\TaskTrek\\src\\utils\\notifications.js","statementMap":{"0":{"start":{"line":2,"column":35},"end":{"line":89,"column":1}},"1":{"start":{"line":5,"column":4},"end":{"line":23,"column":7}},"2":{"start":{"line":7,"column":6},"end":{"line":9,"column":8}},"3":{"start":{"line":17,"column":6},"end":{"line":22,"column":7}},"4":{"start":{"line":18,"column":8},"end":{"line":21,"column":11}},"5":{"start":{"line":65,"column":4},"end":{"line":67,"column":5}},"6":{"start":{"line":66,"column":6},"end":{"line":66,"column":39}},"7":{"start":{"line":71,"column":23},"end":{"line":71,"column":51}},"8":{"start":{"line":72,"column":4},"end":{"line":72,"column":34}},"9":{"start":{"line":76,"column":4},"end":{"line":87,"column":5}},"10":{"start":{"line":77,"column":23},"end":{"line":79,"column":7}},"11":{"start":{"line":80,"column":6},"end":{"line":83,"column":7}},"12":{"start":{"line":81,"column":24},"end":{"line":81,"column":64}},"13":{"start":{"line":82,"column":8},"end":{"line":82,"column":72}},"14":{"start":{"line":86,"column":6},"end":{"line":86,"column":72}},"15":{"start":{"line":92,"column":0},"end":{"line":92,"column":40}}},"fnMap":{"0":{"name":"(anonymous_0)","decl":{"start":{"line":4,"column":20},"end":{"line":4,"column":21}},"loc":{"start":{"line":4,"column":57},"end":{"line":24,"column":3}},"line":4},"1":{"name":"(anonymous_1)","decl":{"start":{"line":5,"column":21},"end":{"line":5,"column":22}},"loc":{"start":{"line":5,"column":40},"end":{"line":23,"column":5}},"line":5},"2":{"name":"(anonymous_2)","decl":{"start":{"line":27,"column":12},"end":{"line":27,"column":13}},"loc":{"start":{"line":27,"column":46},"end":{"line":38,"column":3}},"line":27},"3":{"name":"(anonymous_3)","decl":{"start":{"line":41,"column":16},"end":{"line":41,"column":17}},"loc":{"start":{"line":41,"column":50},"end":{"line":49,"column":3}},"line":41},"4":{"name":"(anonymous_4)","decl":{"start":{"line":52,"column":14},"end":{"line":52,"column":15}},"loc":{"start":{"line":52,"column":48},"end":{"line":62,"column":3}},"line":52},"5":{"name":"(anonymous_5)","decl":{"start":{"line":64,"column":21},"end":{"line":64,"column":22}},"loc":{"start":{"line":64,"column":27},"end":{"line":68,"column":3}},"line":64},"6":{"name":"(anonymous_6)","decl":{"start":{"line":70,"column":17},"end":{"line":70,"column":18}},"loc":{"start":{"line":70,"column":28},"end":{"line":73,"column":3}},"line":70},"7":{"name":"(anonymous_7)","decl":{"start":{"line":75,"column":18},"end":{"line":75,"column":19}},"loc":{"start":{"line":75,"column":49},"end":{"line":88,"column":3}},"line":75}},"branchMap":{"0":{"loc":{"start":{"line":17,"column":6},"end":{"line":22,"column":7}},"type":"if","locations":[{"start":{"line":17,"column":6},"end":{"line":22,"column":7}},{"start":{},"end":{}}],"line":17},"1":{"loc":{"start":{"line":65,"column":4},"end":{"line":67,"column":5}},"type":"if","locations":[{"start":{"line":65,"column":4},"end":{"line":67,"column":5}},{"start":{},"end":{}}],"line":65},"2":{"loc":{"start":{"line":65,"column":8},"end":{"line":65,"column":73}},"type":"binary-expr","locations":[{"start":{"line":65,"column":8},"end":{"line":65,"column":32}},{"start":{"line":65,"column":36},"end":{"line":65,"column":73}}],"line":65},"3":{"loc":{"start":{"line":78,"column":8},"end":{"line":78,"column":67}},"type":"binary-expr","locations":[{"start":{"line":78,"column":8},"end":{"line":78,"column":59}},{"start":{"line":78,"column":63},"end":{"line":78,"column":67}}],"line":78},"4":{"loc":{"start":{"line":80,"column":6},"end":{"line":83,"column":7}},"type":"if","locations":[{"start":{"line":80,"column":6},"end":{"line":83,"column":7}},{"start":{},"end":{}}],"line":80}},"s":{"0":1,"1":5,"2":5,"3":5,"4":4,"5":5,"6":1,"7":11,"8":11,"9":5,"10":5,"11":3,"12":1,"13":1,"14":2,"15":1},"f":{"0":5,"1":5,"2":0,"3":0,"4":0,"5":5,"6":11,"7":5},"b":{"0":[4,1],"1":[1,4],"2":[5,3],"3":[5,1],"4":[1,2]},"_coverageSchema":"1a1c01bbd47fc00a2c39e90264f33305004495a9","hash":"a84551a0d58ae0878bced5db7cb32c5c064fe9df"}
,"D:\\genAI\\projects\\TaskTrek\\src\\utils\\storage.js": {"path":"D:\\genAI\\projects\\TaskTrek\\src\\utils\\storage.js","statementMap":{"0":{"start":{"line":2,"column":21},"end":{"line":7,"column":1}},"1":{"start":{"line":9,"column":25},"end":{"line":16,"column":1}},"2":{"start":{"line":18,"column":27},"end":{"line":22,"column":1}},"3":{"start":{"line":24,"column":26},"end":{"line":28,"column":1}},"4":{"start":{"line":30,"column":26},"end":{"line":34,"column":1}},"5":{"start":{"line":36,"column":33},"end":{"line":43,"column":1}},"6":{"start":{"line":45,"column":23},"end":{"line":114,"column":1}},"7":{"start":{"line":47,"column":18},"end":{"line":47,"column":58}},"8":{"start":{"line":48,"column":4},"end":{"line":48,"column":42}},"9":{"start":{"line":52,"column":4},"end":{"line":52,"column":68}},"10":{"start":{"line":56,"column":21},"end":{"line":56,"column":64}},"11":{"start":{"line":57,"column":4},"end":{"line":57,"column":62}},"12":{"start":{"line":61,"column":4},"end":{"line":61,"column":74}},"13":{"start":{"line":65,"column":23},"end":{"line":65,"column":68}},"14":{"start":{"line":66,"column":4},"end":{"line":66,"column":68}},"15":{"start":{"line":70,"column":4},"end":{"line":70,"column":78}},"16":{"start":{"line":74,"column":22},"end":{"line":74,"column":66}},"17":{"start":{"line":75,"column":4},"end":{"line":75,"column":65}},"18":{"start":{"line":79,"column":4},"end":{"line":79,"column":76}},"19":{"start":{"line":83,"column":21},"end":{"line":83,"column":72}},"20":{"start":{"line":84,"column":4},"end":{"line":84,"column":48}},"21":{"start":{"line":88,"column":4},"end":{"line":91,"column":6}},"22":{"start":{"line":95,"column":21},"end":{"line":95,"column":72}},"23":{"start":{"line":96,"column":4},"end":{"line":96,"column":48}},"24":{"start":{"line":100,"column":4},"end":{"line":103,"column":6}},"25":{"start":{"line":107,"column":20},"end":{"line":107,"column":70}},"26":{"start":{"line":108,"column":4},"end":{"line":108,"column":46}},"27":{"start":{"line":112,"column":4},"end":{"line":112,"column":80}}},"fnMap":{"0":{"name":"(anonymous_0)","decl":{"start":{"line":46,"column":12},"end":{"line":46,"column":13}},"loc":{"start":{"line":46,"column":18},"end":{"line":49,"column":3}},"line":46},"1":{"name":"(anonymous_1)","decl":{"start":{"line":51,"column":13},"end":{"line":51,"column":14}},"loc":{"start":{"line":51,"column":24},"end":{"line":53,"column":3}},"line":51},"2":{"name":"(anonymous_2)","decl":{"start":{"line":55,"column":15},"end":{"line":55,"column":16}},"loc":{"start":{"line":55,"column":21},"end":{"line":58,"column":3}},"line":55},"3":{"name":"(anonymous_3)","decl":{"start":{"line":60,"column":16},"end":{"line":60,"column":17}},"loc":{"start":{"line":60,"column":30},"end":{"line":62,"column":3}},"line":60},"4":{"name":"(anonymous_4)","decl":{"start":{"line":64,"column":17},"end":{"line":64,"column":18}},"loc":{"start":{"line":64,"column":23},"end":{"line":67,"column":3}},"line":64},"5":{"name":"(anonymous_5)","decl":{"start":{"line":69,"column":18},"end":{"line":69,"column":19}},"loc":{"start":{"line":69,"column":34},"end":{"line":71,"column":3}},"line":69},"6":{"name":"(anonymous_6)","decl":{"start":{"line":73,"column":16},"end":{"line":73,"column":17}},"loc":{"start":{"line":73,"column":22},"end":{"line":76,"column":3}},"line":73},"7":{"name":"(anonymous_7)","decl":{"start":{"line":78,"column":17},"end":{"line":78,"column":18}},"loc":{"start":{"line":78,"column":32},"end":{"line":80,"column":3}},"line":78},"8":{"name":"(anonymous_8)","decl":{"start":{"line":82,"column":15},"end":{"line":82,"column":16}},"loc":{"start":{"line":82,"column":27},"end":{"line":85,"column":3}},"line":82},"9":{"name":"(anonymous_9)","decl":{"start":{"line":87,"column":16},"end":{"line":87,"column":17}},"loc":{"start":{"line":87,"column":38},"end":{"line":92,"column":3}},"line":87},"10":{"name":"(anonymous_10)","decl":{"start":{"line":94,"column":15},"end":{"line":94,"column":16}},"loc":{"start":{"line":94,"column":27},"end":{"line":97,"column":3}},"line":94},"11":{"name":"(anonymous_11)","decl":{"start":{"line":99,"column":16},"end":{"line":99,"column":17}},"loc":{"start":{"line":99,"column":38},"end":{"line":104,"column":3}},"line":99},"12":{"name":"(anonymous_12)","decl":{"start":{"line":106,"column":18},"end":{"line":106,"column":19}},"loc":{"start":{"line":106,"column":30},"end":{"line":109,"column":3}},"line":106},"13":{"name":"(anonymous_13)","decl":{"start":{"line":111,"column":19},"end":{"line":111,"column":20}},"loc":{"start":{"line":111,"column":40},"end":{"line":113,"column":3}},"line":111}},"branchMap":{"0":{"loc":{"start":{"line":48,"column":11},"end":{"line":48,"column":41}},"type":"cond-expr","locations":[{"start":{"line":48,"column":19},"end":{"line":48,"column":36}},{"start":{"line":48,"column":39},"end":{"line":48,"column":41}}],"line":48},"1":{"loc":{"start":{"line":57,"column":11},"end":{"line":57,"column":61}},"type":"cond-expr","locations":[{"start":{"line":57,"column":22},"end":{"line":57,"column":42}},{"start":{"line":57,"column":45},"end":{"line":57,"column":61}}],"line":57},"2":{"loc":{"start":{"line":66,"column":11},"end":{"line":66,"column":67}},"type":"cond-expr","locations":[{"start":{"line":66,"column":24},"end":{"line":66,"column":46}},{"start":{"line":66,"column":49},"end":{"line":66,"column":67}}],"line":66},"3":{"loc":{"start":{"line":75,"column":11},"end":{"line":75,"column":64}},"type":"cond-expr","locations":[{"start":{"line":75,"column":23},"end":{"line":75,"column":44}},{"start":{"line":75,"column":47},"end":{"line":75,"column":64}}],"line":75},"4":{"loc":{"start":{"line":84,"column":11},"end":{"line":84,"column":47}},"type":"cond-expr","locations":[{"start":{"line":84,"column":22},"end":{"line":84,"column":42}},{"start":{"line":84,"column":45},"end":{"line":84,"column":47}}],"line":84},"5":{"loc":{"start":{"line":96,"column":11},"end":{"line":96,"column":47}},"type":"cond-expr","locations":[{"start":{"line":96,"column":22},"end":{"line":96,"column":42}},{"start":{"line":96,"column":45},"end":{"line":96,"column":47}}],"line":96},"6":{"loc":{"start":{"line":108,"column":11},"end":{"line":108,"column":45}},"type":"cond-expr","locations":[{"start":{"line":108,"column":21},"end":{"line":108,"column":40}},{"start":{"line":108,"column":43},"end":{"line":108,"column":45}}],"line":108}},"s":{"0":1,"1":1,"2":1,"3":1,"4":1,"5":1,"6":1,"7":6,"8":6,"9":5,"10":4,"11":4,"12":3,"13":4,"14":4,"15":3,"16":4,"17":4,"18":3,"19":5,"20":5,"21":3,"22":5,"23":5,"24":3,"25":5,"26":5,"27":3},"f":{"0":6,"1":5,"2":4,"3":3,"4":4,"5":3,"6":4,"7":3,"8":5,"9":3,"10":5,"11":3,"12":5,"13":3},"b":{"0":[2,4],"1":[2,2],"2":[2,2],"3":[2,2],"4":[2,3],"5":[2,3],"6":[2,3]},"_coverageSchema":"1a1c01bbd47fc00a2c39e90264f33305004495a9","hash":"3e661636dc3929c5469ffe07ca82f5a5e9cae70c"}
}
