TN:
SF:src\App.js
FN:4,App
FNF:1
FNH:1
FNDA:3,App
DA:5,3
LF:1
LH:1
BRF:0
BRH:0
end_of_record
TN:
SF:src\components\Analytics.js
FN:5,(anonymous_0)
FN:10,(anonymous_1)
FN:15,(anonymous_2)
FN:17,(anonymous_3)
FN:21,(anonymous_4)
FN:27,(anonymous_5)
FN:33,(anonymous_6)
FN:36,(anonymous_7)
FN:42,(anonymous_8)
FN:48,(anonymous_9)
FN:51,(anonymous_10)
FN:55,(anonymous_11)
FN:61,(anonymous_12)
FN:62,(anonymous_13)
FN:70,(anonymous_14)
FN:81,(anonymous_15)
FN:93,(anonymous_16)
FN:94,(anonymous_17)
FN:99,(anonymous_18)
FN:100,(anonymous_19)
FN:103,(anonymous_20)
FN:279,(anonymous_21)
FNF:22
FNH:22
FNDA:27,(anonymous_0)
FNDA:12,(anonymous_1)
FNDA:27,(anonymous_2)
FNDA:162,(anonymous_3)
FNDA:35,(anonymous_4)
FNDA:162,(anonymous_5)
FNDA:27,(anonymous_6)
FNDA:35,(anonymous_7)
FNDA:81,(anonymous_8)
FNDA:27,(anonymous_9)
FNDA:14,(anonymous_10)
FNDA:35,(anonymous_11)
FNDA:14,(anonymous_12)
FNDA:14,(anonymous_13)
FNDA:27,(anonymous_14)
FNDA:404,(anonymous_15)
FNDA:27,(anonymous_16)
FNDA:35,(anonymous_17)
FNDA:27,(anonymous_18)
FNDA:35,(anonymous_19)
FNDA:12,(anonymous_20)
FNDA:3,(anonymous_21)
DA:5,2
DA:6,27
DA:7,27
DA:8,27
DA:10,27
DA:11,12
DA:12,12
DA:15,27
DA:16,27
DA:17,27
DA:18,162
DA:21,27
DA:22,35
DA:23,34
DA:27,162
DA:33,27
DA:34,27
DA:36,27
DA:37,35
DA:38,32
DA:42,81
DA:48,27
DA:49,27
DA:51,27
DA:52,14
DA:55,27
DA:56,35
DA:57,32
DA:61,27
DA:62,14
DA:63,14
DA:70,27
DA:71,27
DA:72,27
DA:73,27
DA:75,27
DA:76,242
DA:77,242
DA:78,242
DA:80,242
DA:81,404
DA:84,242
DA:90,27
DA:93,27
DA:94,35
DA:95,27
DA:96,27
DA:99,27
DA:100,35
DA:101,27
DA:103,11
DA:104,12
DA:105,12
DA:106,12
DA:109,11
DA:110,11
DA:113,27
DA:126,27
DA:136,27
DA:279,3
LF:60
LH:60
BRDA:22,0,0,34
BRDA:22,0,1,1
BRDA:37,1,0,32
BRDA:37,1,1,3
BRDA:56,2,0,32
BRDA:56,2,1,3
BRDA:64,3,0,14
BRDA:64,3,1,1
BRDA:81,4,0,404
BRDA:81,4,1,390
BRDA:96,5,0,14
BRDA:96,5,1,13
BRDA:101,6,0,16
BRDA:101,6,1,11
BRF:14
BRH:14
end_of_record
TN:
SF:src\components\Charts.js
FN:3,(anonymous_0)
FN:4,(anonymous_1)
FN:20,(anonymous_2)
FN:56,(anonymous_3)
FN:78,(anonymous_4)
FN:79,(anonymous_5)
FN:93,(anonymous_6)
FN:134,(anonymous_7)
FN:135,(anonymous_8)
FN:141,(anonymous_9)
FN:159,(anonymous_10)
FNF:11
FNH:11
FNDA:9,(anonymous_0)
FNDA:25,(anonymous_1)
FNDA:25,(anonymous_2)
FNDA:25,(anonymous_3)
FNDA:7,(anonymous_4)
FNDA:14,(anonymous_5)
FNDA:14,(anonymous_6)
FNDA:8,(anonymous_7)
FNDA:14,(anonymous_8)
FNDA:14,(anonymous_9)
FNDA:14,(anonymous_10)
DA:3,2
DA:4,25
DA:5,9
DA:14,9
DA:16,9
DA:21,25
DA:22,25
DA:23,25
DA:25,25
DA:26,25
DA:28,25
DA:30,25
DA:31,25
DA:32,25
DA:33,25
DA:35,25
DA:42,25
DA:44,25
DA:57,25
DA:78,2
DA:79,14
DA:80,7
DA:89,7
DA:94,14
DA:95,14
DA:96,14
DA:97,14
DA:99,14
DA:134,2
DA:135,14
DA:136,8
DA:137,8
DA:138,8
DA:140,8
DA:142,14
DA:144,14
DA:145,14
DA:149,8
DA:161,14
DA:163,14
DA:165,14
LF:41
LH:41
BRDA:28,0,0,3
BRDA:28,0,1,22
BRF:2
BRH:2
end_of_record
TN:
SF:src\components\Dashboard.js
FN:10,(anonymous_0)
FN:19,(anonymous_1)
FN:23,(anonymous_2)
FN:24,(anonymous_3)
FN:27,(anonymous_4)
FN:29,(anonymous_5)
FN:37,(anonymous_6)
FN:38,(anonymous_7)
FN:39,(anonymous_8)
FN:49,(anonymous_9)
FN:50,(anonymous_10)
FN:85,(anonymous_11)
FN:90,(anonymous_12)
FN:93,(anonymous_13)
FN:95,(anonymous_14)
FN:98,(anonymous_15)
FN:101,(anonymous_16)
FN:103,(anonymous_17)
FN:105,(anonymous_18)
FN:177,(anonymous_19)
FN:191,(anonymous_20)
FN:269,(anonymous_21)
FN:275,(anonymous_22)
FN:285,(anonymous_23)
FN:295,(anonymous_24)
FN:305,(anonymous_25)
FN:315,(anonymous_26)
FN:325,(anonymous_27)
FN:335,(anonymous_28)
FN:358,(anonymous_29)
FN:365,(anonymous_30)
FN:374,(anonymous_31)
FN:384,(anonymous_32)
FN:389,(anonymous_33)
FNF:34
FNH:30
FNDA:48,(anonymous_0)
FNDA:16,(anonymous_1)
FNDA:1,(anonymous_2)
FNDA:1,(anonymous_3)
FNDA:2,(anonymous_4)
FNDA:3,(anonymous_5)
FNDA:1,(anonymous_6)
FNDA:1,(anonymous_7)
FNDA:3,(anonymous_8)
FNDA:1,(anonymous_9)
FNDA:3,(anonymous_10)
FNDA:96,(anonymous_11)
FNDA:48,(anonymous_12)
FNDA:96,(anonymous_13)
FNDA:96,(anonymous_14)
FNDA:96,(anonymous_15)
FNDA:96,(anonymous_16)
FNDA:96,(anonymous_17)
FNDA:96,(anonymous_18)
FNDA:0,(anonymous_19)
FNDA:2,(anonymous_20)
FNDA:1,(anonymous_21)
FNDA:1,(anonymous_22)
FNDA:1,(anonymous_23)
FNDA:1,(anonymous_24)
FNDA:1,(anonymous_25)
FNDA:1,(anonymous_26)
FNDA:1,(anonymous_27)
FNDA:1,(anonymous_28)
FNDA:81,(anonymous_29)
FNDA:0,(anonymous_30)
FNDA:1,(anonymous_31)
FNDA:0,(anonymous_32)
FNDA:0,(anonymous_33)
DA:10,1
DA:11,48
DA:12,48
DA:13,48
DA:14,48
DA:15,48
DA:16,48
DA:17,48
DA:19,48
DA:20,16
DA:23,48
DA:24,1
DA:27,48
DA:28,2
DA:29,3
DA:32,2
DA:33,2
DA:34,2
DA:37,48
DA:38,1
DA:39,3
DA:40,1
DA:41,1
DA:44,1
DA:45,1
DA:49,48
DA:50,1
DA:51,3
DA:52,1
DA:59,1
DA:60,1
DA:68,1
DA:71,1
DA:77,1
DA:79,2
DA:81,1
DA:82,1
DA:85,48
DA:86,96
DA:87,18
DA:90,48
DA:91,48
DA:93,96
DA:95,96
DA:98,96
DA:101,96
DA:103,96
DA:105,96
DA:110,48
DA:112,48
DA:119,48
DA:126,48
DA:135,48
DA:142,48
DA:152,48
DA:159,48
DA:177,0
DA:191,2
DA:269,1
DA:275,1
DA:285,1
DA:295,1
DA:305,1
DA:315,1
DA:325,1
DA:335,1
DA:359,81
DA:365,0
DA:375,1
DA:376,1
DA:384,0
DA:389,0
LF:72
LH:68
BRDA:28,0,0,1
BRDA:28,0,1,1
BRDA:29,1,0,1
BRDA:29,1,1,2
BRDA:44,2,0,1
BRDA:44,2,1,0
BRDA:51,3,0,1
BRDA:51,3,1,2
BRDA:86,4,0,78
BRDA:86,4,1,18
BRDA:274,5,0,42
BRDA:274,5,1,6
BRDA:281,6,0,1
BRDA:281,6,1,47
BRDA:291,7,0,1
BRDA:291,7,1,47
BRDA:301,8,0,1
BRDA:301,8,1,47
BRDA:311,9,0,1
BRDA:311,9,1,47
BRDA:321,10,0,1
BRDA:321,10,1,47
BRDA:331,11,0,1
BRDA:331,11,1,47
BRDA:342,12,0,19
BRDA:342,12,1,29
BRDA:372,13,0,48
BRDA:372,13,1,2
BRDA:381,14,0,48
BRDA:381,14,1,0
BRDA:389,15,0,48
BRDA:389,15,1,0
BRF:32
BRH:29
end_of_record
TN:
SF:src\components\ProjectManager.js
FN:4,(anonymous_0)
FN:21,(anonymous_1)
FN:35,(anonymous_2)
FN:37,(anonymous_3)
FN:43,(anonymous_4)
FN:49,(anonymous_5)
FN:62,(anonymous_6)
FN:63,(anonymous_7)
FN:68,(anonymous_8)
FN:81,(anonymous_9)
FN:83,(anonymous_10)
FN:179,(anonymous_11)
FN:185,(anonymous_12)
FN:191,(anonymous_13)
FN:205,(anonymous_14)
FN:214,(anonymous_15)
FN:223,(anonymous_16)
FN:239,(anonymous_17)
FN:250,(anonymous_18)
FN:273,(anonymous_19)
FN:280,(anonymous_20)
FN:288,(anonymous_21)
FN:305,(anonymous_22)
FN:307,(anonymous_23)
FN:317,(anonymous_24)
FN:340,(anonymous_25)
FN:349,(anonymous_26)
FN:365,(anonymous_27)
FN:374,(anonymous_28)
FNF:29
FNH:28
FNDA:40,(anonymous_0)
FNDA:2,(anonymous_1)
FNDA:1,(anonymous_2)
FNDA:2,(anonymous_3)
FNDA:2,(anonymous_4)
FNDA:2,(anonymous_5)
FNDA:1,(anonymous_6)
FNDA:2,(anonymous_7)
FNDA:2,(anonymous_8)
FNDA:1,(anonymous_9)
FNDA:2,(anonymous_10)
FNDA:0,(anonymous_11)
FNDA:5,(anonymous_12)
FNDA:5,(anonymous_13)
FNDA:1,(anonymous_14)
FNDA:1,(anonymous_15)
FNDA:1,(anonymous_16)
FNDA:42,(anonymous_17)
FNDA:1,(anonymous_18)
FNDA:1,(anonymous_19)
FNDA:1,(anonymous_20)
FNDA:20,(anonymous_21)
FNDA:18,(anonymous_22)
FNDA:18,(anonymous_23)
FNDA:1,(anonymous_24)
FNDA:1,(anonymous_25)
FNDA:1,(anonymous_26)
FNDA:17,(anonymous_27)
FNDA:1,(anonymous_28)
DA:4,2
DA:5,40
DA:6,40
DA:7,40
DA:8,40
DA:10,40
DA:15,40
DA:19,40
DA:21,40
DA:22,2
DA:23,1
DA:28,1
DA:29,1
DA:30,1
DA:31,1
DA:35,40
DA:36,1
DA:37,2
DA:38,1
DA:39,1
DA:42,1
DA:43,2
DA:45,1
DA:46,1
DA:49,40
DA:50,2
DA:51,1
DA:55,1
DA:56,1
DA:57,1
DA:58,1
DA:62,40
DA:63,2
DA:64,1
DA:65,1
DA:68,40
DA:69,2
DA:70,1
DA:74,1
DA:75,1
DA:76,1
DA:77,1
DA:81,40
DA:82,1
DA:83,2
DA:84,1
DA:85,1
DA:88,40
DA:101,40
DA:111,40
DA:120,40
DA:126,40
DA:134,40
DA:142,40
DA:152,40
DA:179,0
DA:185,5
DA:191,5
DA:206,1
DA:215,1
DA:224,1
DA:240,42
DA:250,1
DA:274,1
DA:281,1
DA:289,20
DA:306,18
DA:307,18
DA:309,18
DA:317,1
DA:341,1
DA:350,1
DA:366,17
DA:374,1
LF:74
LH:73
BRDA:22,0,0,1
BRDA:22,0,1,1
BRDA:22,1,0,2
BRDA:22,1,1,1
BRDA:36,2,0,0
BRDA:36,2,1,1
BRDA:50,3,0,1
BRDA:50,3,1,1
BRDA:69,4,0,1
BRDA:69,4,1,1
BRDA:82,5,0,0
BRDA:82,5,1,1
BRDA:178,6,0,22
BRDA:178,6,1,18
BRDA:184,7,0,9
BRDA:184,7,1,31
BRDA:190,8,0,9
BRDA:190,8,1,31
BRDA:197,9,0,40
BRDA:197,9,1,22
BRDA:248,10,0,42
BRDA:248,10,1,20
BRDA:265,11,0,40
BRDA:265,11,1,9
BRDA:314,12,0,18
BRDA:314,12,1,0
BRDA:332,13,0,40
BRDA:332,13,1,9
BRDA:372,14,0,17
BRDA:372,14,1,8
BRF:30
BRH:27
end_of_record
TN:
SF:src\components\TaskCard.js
FN:4,(anonymous_0)
FN:9,(anonymous_1)
FN:10,(anonymous_2)
FN:11,(anonymous_3)
FN:13,(anonymous_4)
FN:32,(anonymous_5)
FN:45,(anonymous_6)
FN:154,(anonymous_7)
FN:166,(anonymous_8)
FN:185,(anonymous_9)
FN:200,(anonymous_10)
FN:214,(anonymous_11)
FNF:12
FNH:12
FNDA:108,(anonymous_0)
FNDA:109,(anonymous_1)
FNDA:109,(anonymous_2)
FNDA:109,(anonymous_3)
FNDA:108,(anonymous_4)
FNDA:108,(anonymous_5)
FNDA:108,(anonymous_6)
FNDA:56,(anonymous_7)
FNDA:2,(anonymous_8)
FNDA:1,(anonymous_9)
FNDA:3,(anonymous_10)
FNDA:2,(anonymous_11)
DA:4,2
DA:5,108
DA:6,108
DA:7,108
DA:9,109
DA:10,109
DA:11,109
DA:13,108
DA:14,108
DA:16,27
DA:18,51
DA:20,1
DA:22,1
DA:24,1
DA:26,26
DA:28,1
DA:32,108
DA:33,108
DA:35,1
DA:37,28
DA:39,1
DA:41,78
DA:45,108
DA:46,108
DA:48,27
DA:50,51
DA:52,1
DA:54,1
DA:56,1
DA:58,26
DA:60,1
DA:64,108
DA:74,108
DA:85,108
DA:97,108
DA:107,108
DA:113,108
DA:155,56
DA:166,2
DA:185,1
DA:200,3
DA:214,2
LF:42
LH:42
BRDA:14,0,0,27
BRDA:14,0,1,51
BRDA:14,0,2,1
BRDA:14,0,3,1
BRDA:14,0,4,1
BRDA:14,0,5,26
BRDA:14,0,6,1
BRDA:33,1,0,1
BRDA:33,1,1,28
BRDA:33,1,2,1
BRDA:33,1,3,78
BRDA:46,2,0,27
BRDA:46,2,1,51
BRDA:46,2,2,1
BRDA:46,2,3,1
BRDA:46,2,4,1
BRDA:46,2,5,26
BRDA:46,2,6,1
BRDA:87,3,0,1
BRDA:87,3,1,107
BRDA:89,4,0,52
BRDA:89,4,1,55
BRDA:91,5,0,28
BRDA:91,5,1,27
BRDA:125,6,0,108
BRDA:125,6,1,79
BRDA:128,7,0,108
BRDA:128,7,1,78
BRDA:131,8,0,108
BRDA:131,8,1,78
BRDA:152,9,0,108
BRDA:152,9,1,31
BRDA:152,9,2,28
BRDA:183,10,0,108
BRDA:183,10,1,79
BRF:35
BRH:35
end_of_record
TN:
SF:src\components\TaskDetail.js
FN:5,(anonymous_0)
FN:20,(anonymous_1)
FN:22,(anonymous_2)
FN:32,(anonymous_3)
FN:52,(anonymous_4)
FN:63,(anonymous_5)
FN:81,(anonymous_6)
FN:82,(anonymous_7)
FN:87,(anonymous_8)
FN:89,(anonymous_9)
FN:119,(anonymous_10)
FN:120,(anonymous_11)
FN:121,(anonymous_12)
FN:183,(anonymous_13)
FN:195,(anonymous_14)
FN:219,(anonymous_15)
FN:236,(anonymous_16)
FN:255,(anonymous_17)
FN:278,(anonymous_18)
FN:315,(anonymous_19)
FN:323,(anonymous_20)
FN:343,(anonymous_21)
FN:351,(anonymous_22)
FN:369,(anonymous_23)
FN:377,(anonymous_24)
FN:385,(anonymous_25)
FN:396,(anonymous_26)
FN:404,(anonymous_27)
FN:412,(anonymous_28)
FN:445,(anonymous_29)
FN:481,(anonymous_30)
FN:501,(anonymous_31)
FN:525,(anonymous_32)
FNF:33
FNH:33
FNDA:59,(anonymous_0)
FNDA:19,(anonymous_1)
FNDA:19,(anonymous_2)
FNDA:2,(anonymous_3)
FNDA:4,(anonymous_4)
FNDA:1,(anonymous_5)
FNDA:1,(anonymous_6)
FNDA:1,(anonymous_7)
FNDA:2,(anonymous_8)
FNDA:2,(anonymous_9)
FNDA:40,(anonymous_10)
FNDA:40,(anonymous_11)
FNDA:40,(anonymous_12)
FNDA:1,(anonymous_13)
FNDA:1,(anonymous_14)
FNDA:1,(anonymous_15)
FNDA:3,(anonymous_16)
FNDA:1,(anonymous_17)
FNDA:7,(anonymous_18)
FNDA:1,(anonymous_19)
FNDA:1,(anonymous_20)
FNDA:1,(anonymous_21)
FNDA:1,(anonymous_22)
FNDA:1,(anonymous_23)
FNDA:1,(anonymous_24)
FNDA:80,(anonymous_25)
FNDA:1,(anonymous_26)
FNDA:1,(anonymous_27)
FNDA:80,(anonymous_28)
FNDA:3,(anonymous_29)
FNDA:24,(anonymous_30)
FNDA:1,(anonymous_31)
FNDA:7,(anonymous_32)
DA:5,2
DA:6,59
DA:7,59
DA:8,59
DA:9,59
DA:10,59
DA:11,59
DA:12,59
DA:13,59
DA:14,59
DA:16,59
DA:17,59
DA:18,59
DA:20,59
DA:21,19
DA:22,19
DA:23,19
DA:24,18
DA:25,18
DA:26,18
DA:27,18
DA:28,18
DA:32,59
DA:33,2
DA:35,1
DA:42,1
DA:43,1
DA:44,1
DA:47,1
DA:49,1
DA:52,59
DA:53,4
DA:54,2
DA:55,2
DA:58,2
DA:59,1
DA:60,1
DA:63,1
DA:64,1
DA:65,1
DA:68,0
DA:74,0
DA:75,0
DA:76,0
DA:77,0
DA:78,0
DA:81,59
DA:82,1
DA:83,1
DA:84,1
DA:87,59
DA:88,2
DA:89,2
DA:90,2
DA:94,2
DA:103,2
DA:104,2
DA:105,2
DA:107,2
DA:108,2
DA:109,2
DA:112,2
DA:114,2
DA:117,59
DA:119,40
DA:120,40
DA:121,40
DA:123,40
DA:136,40
DA:146,40
DA:184,1
DA:196,1
DA:219,1
DA:236,3
DA:255,1
DA:279,7
DA:316,1
DA:321,1
DA:322,1
DA:323,1
DA:324,1
DA:326,1
DA:327,1
DA:344,1
DA:349,1
DA:350,1
DA:351,1
DA:352,1
DA:354,1
DA:355,1
DA:370,1
DA:375,1
DA:376,1
DA:377,1
DA:378,1
DA:380,1
DA:381,1
DA:386,80
DA:397,1
DA:402,1
DA:403,1
DA:404,1
DA:405,1
DA:407,1
DA:408,1
DA:413,80
DA:446,3
DA:447,3
DA:482,24
DA:501,1
DA:526,7
LF:111
LH:105
BRDA:23,0,0,18
BRDA:23,0,1,1
BRDA:33,1,0,1
BRDA:33,1,1,1
BRDA:53,2,0,2
BRDA:53,2,1,2
BRDA:58,3,0,1
BRDA:58,3,1,1
BRDA:63,4,0,1
BRDA:63,4,1,0
BRDA:90,5,0,2
BRDA:90,5,1,0
BRDA:117,6,0,19
BRDA:117,6,1,40
BRDA:179,7,0,5
BRDA:179,7,1,35
BRDA:324,8,0,1
BRDA:324,8,1,0
BRDA:352,9,0,1
BRDA:352,9,1,0
BRDA:378,10,0,1
BRDA:378,10,1,0
BRDA:405,11,0,1
BRDA:405,11,1,0
BRDA:469,12,0,40
BRDA:469,12,1,4
BRF:26
BRH:20
end_of_record
TN:
SF:src\components\TaskForm.js
FN:4,(anonymous_0)
FN:22,(anonymous_1)
FN:31,(anonymous_2)
FN:73,(anonymous_3)
FN:86,(anonymous_4)
FN:90,(anonymous_5)
FN:139,(anonymous_6)
FN:147,(anonymous_7)
FN:156,(anonymous_8)
FN:161,(anonymous_9)
FN:170,(anonymous_10)
FN:182,(anonymous_11)
FN:194,(anonymous_12)
FN:209,(anonymous_13)
FN:215,(anonymous_14)
FN:216,(anonymous_15)
FN:225,(anonymous_16)
FN:230,(anonymous_17)
FN:244,(anonymous_18)
FN:246,(anonymous_19)
FN:263,(anonymous_20)
FN:267,(anonymous_21)
FNF:22
FNH:18
FNDA:100,(anonymous_0)
FNDA:38,(anonymous_1)
FNDA:7,(anonymous_2)
FNDA:6,(anonymous_3)
FNDA:1,(anonymous_4)
FNDA:1,(anonymous_5)
FNDA:7,(anonymous_6)
FNDA:3,(anonymous_7)
FNDA:0,(anonymous_8)
FNDA:100,(anonymous_9)
FNDA:1,(anonymous_10)
FNDA:2,(anonymous_11)
FNDA:2,(anonymous_12)
FNDA:0,(anonymous_13)
FNDA:100,(anonymous_14)
FNDA:95,(anonymous_15)
FNDA:0,(anonymous_16)
FNDA:100,(anonymous_17)
FNDA:6,(anonymous_18)
FNDA:0,(anonymous_19)
FNDA:10,(anonymous_20)
FNDA:1,(anonymous_21)
DA:4,2
DA:5,100
DA:17,100
DA:18,100
DA:19,100
DA:20,100
DA:22,100
DA:23,38
DA:24,7
DA:31,100
DA:32,7
DA:33,7
DA:35,5
DA:43,5
DA:44,2
DA:45,2
DA:53,2
DA:56,5
DA:58,5
DA:59,3
DA:73,100
DA:74,6
DA:78,3
DA:82,3
DA:86,100
DA:87,1
DA:90,1
DA:95,100
DA:103,100
DA:112,100
DA:120,100
DA:131,100
DA:139,7
DA:148,3
DA:157,0
DA:162,100
DA:170,1
DA:183,2
DA:194,2
DA:210,0
DA:215,100
DA:217,95
DA:226,0
DA:231,100
DA:244,6
DA:247,0
DA:264,10
DA:267,1
LF:48
LH:44
BRDA:23,0,0,7
BRDA:23,0,1,31
BRDA:26,1,0,7
BRDA:26,1,1,2
BRDA:33,2,0,2
BRDA:33,2,1,5
BRDA:37,3,0,5
BRDA:37,3,1,3
BRDA:38,4,0,5
BRDA:38,4,1,3
BRDA:43,5,0,2
BRDA:43,5,1,3
BRDA:58,6,0,3
BRDA:58,6,1,2
BRDA:74,7,0,3
BRDA:74,7,1,3
BRDA:75,8,0,6
BRDA:75,8,1,4
BRDA:76,9,0,4
BRDA:76,9,1,0
BRDA:80,10,0,3
BRDA:80,10,1,0
BRDA:89,11,0,1
BRDA:89,11,1,0
BRDA:133,12,0,16
BRDA:133,12,1,84
BRDA:247,13,0,0
BRDA:247,13,1,0
BRDA:263,14,0,100
BRDA:263,14,1,0
BRDA:280,15,0,16
BRDA:280,15,1,84
BRDA:282,16,0,100
BRDA:282,16,1,16
BRF:34
BRH:28
end_of_record
TN:
SF:src\utils\notifications.js
FN:4,(anonymous_0)
FN:5,(anonymous_1)
FN:27,(anonymous_2)
FN:41,(anonymous_3)
FN:52,(anonymous_4)
FN:64,(anonymous_5)
FN:70,(anonymous_6)
FN:75,(anonymous_7)
FNF:8
FNH:5
FNDA:5,(anonymous_0)
FNDA:5,(anonymous_1)
FNDA:0,(anonymous_2)
FNDA:0,(anonymous_3)
FNDA:0,(anonymous_4)
FNDA:5,(anonymous_5)
FNDA:11,(anonymous_6)
FNDA:5,(anonymous_7)
DA:2,1
DA:5,5
DA:7,5
DA:17,5
DA:18,4
DA:65,5
DA:66,1
DA:71,11
DA:72,11
DA:76,5
DA:77,5
DA:80,3
DA:81,1
DA:82,1
DA:86,2
DA:92,1
LF:16
LH:16
BRDA:17,0,0,4
BRDA:17,0,1,1
BRDA:65,1,0,1
BRDA:65,1,1,4
BRDA:65,2,0,5
BRDA:65,2,1,3
BRDA:78,3,0,5
BRDA:78,3,1,1
BRDA:80,4,0,1
BRDA:80,4,1,2
BRF:10
BRH:10
end_of_record
TN:
SF:src\utils\storage.js
FN:46,(anonymous_0)
FN:51,(anonymous_1)
FN:55,(anonymous_2)
FN:60,(anonymous_3)
FN:64,(anonymous_4)
FN:69,(anonymous_5)
FN:73,(anonymous_6)
FN:78,(anonymous_7)
FN:82,(anonymous_8)
FN:87,(anonymous_9)
FN:94,(anonymous_10)
FN:99,(anonymous_11)
FN:106,(anonymous_12)
FN:111,(anonymous_13)
FNF:14
FNH:14
FNDA:6,(anonymous_0)
FNDA:5,(anonymous_1)
FNDA:4,(anonymous_2)
FNDA:3,(anonymous_3)
FNDA:4,(anonymous_4)
FNDA:3,(anonymous_5)
FNDA:4,(anonymous_6)
FNDA:3,(anonymous_7)
FNDA:5,(anonymous_8)
FNDA:3,(anonymous_9)
FNDA:5,(anonymous_10)
FNDA:3,(anonymous_11)
FNDA:5,(anonymous_12)
FNDA:3,(anonymous_13)
DA:2,1
DA:9,1
DA:18,1
DA:24,1
DA:30,1
DA:36,1
DA:45,1
DA:47,6
DA:48,6
DA:52,5
DA:56,4
DA:57,4
DA:61,3
DA:65,4
DA:66,4
DA:70,3
DA:74,4
DA:75,4
DA:79,3
DA:83,5
DA:84,5
DA:88,3
DA:95,5
DA:96,5
DA:100,3
DA:107,5
DA:108,5
DA:112,3
LF:28
LH:28
BRDA:48,0,0,2
BRDA:48,0,1,4
BRDA:57,1,0,2
BRDA:57,1,1,2
BRDA:66,2,0,2
BRDA:66,2,1,2
BRDA:75,3,0,2
BRDA:75,3,1,2
BRDA:84,4,0,2
BRDA:84,4,1,3
BRDA:96,5,0,2
BRDA:96,5,1,3
BRDA:108,6,0,2
BRDA:108,6,1,3
BRF:14
BRH:14
end_of_record
